  [1m[35m (68.5ms)[0m  [1m[35mCREATE TABLE "schema_migrations" ("version" varchar NOT NULL PRIMARY KEY)[0m
  [1m[35m (78.1ms)[0m  [1m[35mCREATE TABLE "ar_internal_metadata" ("key" varchar NOT NULL PRIMARY KEY, "value" varchar, "created_at" datetime NOT NULL, "updated_at" datetime NOT NULL)[0m
  [1m[36mActiveRecord::SchemaMigration Load (0.3ms)[0m  [1m[34mSELECT "schema_migrations".* FROM "schema_migrations"[0m
Migrating to CreatePosts (20170426053320)
  [1m[35m (0.1ms)[0m  [1m[36mbegin transaction[0m
  [1m[35m (0.7ms)[0m  [1m[35mCREATE TABLE "posts" ("id" INTEGER PRIMARY KEY AUTOINCREMENT NOT NULL, "caption" varchar, "created_at" datetime NOT NULL, "updated_at" datetime NOT NULL)[0m
  [1m[35mSQL (0.2ms)[0m  [1m[32mINSERT INTO "schema_migrations" ("version") VALUES (?)[0m  [["version", "20170426053320"]]
  [1m[35m (76.3ms)[0m  [1m[36mcommit transaction[0m
Migrating to AddAttachmentImageToPosts (20170426055014)
  [1m[35m (0.1ms)[0m  [1m[36mbegin transaction[0m
DEPRECATION WARNING: Directly inheriting from ActiveRecord::Migration is deprecated. Please specify the Rails release the migration was written for:

  class AddAttachmentImageToPosts < ActiveRecord::Migration[4.2] (called from require at bin/rails:4)
  [1m[35m (0.4ms)[0m  [1m[35mALTER TABLE "posts" ADD "image_file_name" varchar[0m
  [1m[35m (0.3ms)[0m  [1m[35mALTER TABLE "posts" ADD "image_content_type" varchar[0m
  [1m[35m (0.2ms)[0m  [1m[35mALTER TABLE "posts" ADD "image_file_size" integer[0m
  [1m[35m (0.2ms)[0m  [1m[35mALTER TABLE "posts" ADD "image_updated_at" datetime[0m
  [1m[35mSQL (0.2ms)[0m  [1m[32mINSERT INTO "schema_migrations" ("version") VALUES (?)[0m  [["version", "20170426055014"]]
  [1m[35m (57.6ms)[0m  [1m[36mcommit transaction[0m
Migrating to DeviseCreateUsers (20170503053300)
  [1m[35m (0.1ms)[0m  [1m[36mbegin transaction[0m
  [1m[35m (0.3ms)[0m  [1m[35mCREATE TABLE "users" ("id" INTEGER PRIMARY KEY AUTOINCREMENT NOT NULL, "email" varchar DEFAULT '' NOT NULL, "encrypted_password" varchar DEFAULT '' NOT NULL, "reset_password_token" varchar, "reset_password_sent_at" datetime, "remember_created_at" datetime, "sign_in_count" integer DEFAULT 0 NOT NULL, "current_sign_in_at" datetime, "last_sign_in_at" datetime, "current_sign_in_ip" varchar, "last_sign_in_ip" varchar, "created_at" datetime NOT NULL, "updated_at" datetime NOT NULL)[0m
  [1m[35m (0.1ms)[0m  [1m[34mselect sqlite_version(*)[0m
  [1m[35m (0.2ms)[0m  [1m[35mCREATE UNIQUE INDEX "index_users_on_email" ON "users" ("email")[0m
  [1m[35m (0.1ms)[0m  [1m[34m            SELECT sql
            FROM sqlite_master
            WHERE name='index_users_on_email' AND type='index'
            UNION ALL
            SELECT sql
            FROM sqlite_temp_master
            WHERE name='index_users_on_email' AND type='index'
[0m
  [1m[35m (0.1ms)[0m  [1m[35mCREATE UNIQUE INDEX "index_users_on_reset_password_token" ON "users" ("reset_password_token")[0m
  [1m[35mSQL (0.1ms)[0m  [1m[32mINSERT INTO "schema_migrations" ("version") VALUES (?)[0m  [["version", "20170503053300"]]
  [1m[35m (91.2ms)[0m  [1m[36mcommit transaction[0m
  [1m[36mActiveRecord::InternalMetadata Load (0.4ms)[0m  [1m[34mSELECT  "ar_internal_metadata".* FROM "ar_internal_metadata" WHERE "ar_internal_metadata"."key" = ? LIMIT ?[0m  [["key", :environment], ["LIMIT", 1]]
  [1m[35m (0.2ms)[0m  [1m[36mbegin transaction[0m
  [1m[35mSQL (0.4ms)[0m  [1m[32mINSERT INTO "ar_internal_metadata" ("key", "value", "created_at", "updated_at") VALUES (?, ?, ?, ?)[0m  [["key", "environment"], ["value", "development"], ["created_at", 2017-05-04 06:37:02 UTC], ["updated_at", 2017-05-04 06:37:02 UTC]]
  [1m[35m (52.1ms)[0m  [1m[36mcommit transaction[0m
  [1m[36mActiveRecord::SchemaMigration Load (0.2ms)[0m  [1m[34mSELECT "schema_migrations".* FROM "schema_migrations"[0m
  [1m[35m (0.2ms)[0m  [1m[34m            SELECT sql
            FROM sqlite_master
            WHERE name='index_users_on_reset_password_token' AND type='index'
            UNION ALL
            SELECT sql
            FROM sqlite_temp_master
            WHERE name='index_users_on_reset_password_token' AND type='index'
[0m
  [1m[35m (0.2ms)[0m  [1m[34m            SELECT sql
            FROM sqlite_master
            WHERE name='index_users_on_email' AND type='index'
            UNION ALL
            SELECT sql
            FROM sqlite_temp_master
            WHERE name='index_users_on_email' AND type='index'
[0m
Started GET "/" for 127.0.0.1 at 2017-05-04 11:37:52 +0500
  [1m[36mActiveRecord::SchemaMigration Load (0.2ms)[0m  [1m[34mSELECT "schema_migrations".* FROM "schema_migrations"[0m
Processing by PostsController#index as HTML
  Rendering posts/index.html.erb within layouts/application
  [1m[36mPost Load (0.2ms)[0m  [1m[34mSELECT "posts".* FROM "posts"[0m
  Rendered posts/index.html.erb within layouts/application (15.5ms)
Completed 200 OK in 4876ms (Views: 4846.8ms | ActiveRecord: 0.4ms)


Started GET "/posts/new" for 127.0.0.1 at 2017-05-04 11:38:45 +0500
Processing by PostsController#new as HTML
  Rendering posts/new.html.erb within layouts/application
  Rendered posts/_form.html.erb (257.5ms)
  Rendered posts/new.html.erb within layouts/application (283.2ms)
Completed 200 OK in 341ms (Views: 330.0ms | ActiveRecord: 0.9ms)


Started POST "/posts" for 127.0.0.1 at 2017-05-04 11:38:56 +0500
Processing by PostsController#create as HTML
  Parameters: {"utf8"=>"✓", "authenticity_token"=>"oaxkz836TrHPKVqq/8I5bJzJgWdGKHqmGlTNZMvoor8zQ4jkVEXD2ZXO2cbkkOqv0tee80oMOJTpTmkSMdIsmg==", "post"=>{"image"=>#<ActionDispatch::Http::UploadedFile:0x00558b7cf91ca0 @tempfile=#<Tempfile:/tmp/RackMultipart20170504-4313-3watos.jpg>, @original_filename="25-cars-worth-waiting-for-lp-mclaren-p14-photo-658259-s-original.jpg", @content_type="image/jpeg", @headers="Content-Disposition: form-data; name=\"post[image]\"; filename=\"25-cars-worth-waiting-for-lp-mclaren-p14-photo-658259-s-original.jpg\"\r\nContent-Type: image/jpeg\r\n">, "caption"=>"Mc Laren"}, "commit"=>"Create Post"}
  [1m[35m (0.3ms)[0m  [1m[36mbegin transaction[0m
  [1m[35mSQL (0.3ms)[0m  [1m[32mINSERT INTO "posts" ("caption", "created_at", "updated_at", "image_file_name", "image_content_type", "image_file_size", "image_updated_at") VALUES (?, ?, ?, ?, ?, ?, ?)[0m  [["caption", "Mc Laren"], ["created_at", 2017-05-04 06:38:56 UTC], ["updated_at", 2017-05-04 06:38:56 UTC], ["image_file_name", "25-cars-worth-waiting-for-lp-mclaren-p14-photo-658259-s-original.jpg"], ["image_content_type", "image/jpeg"], ["image_file_size", 445270], ["image_updated_at", 2017-05-04 06:38:56 UTC]]
  [1m[35m (81.0ms)[0m  [1m[36mcommit transaction[0m
Redirected to http://localhost:3000/posts
Completed 302 Found in 90ms (ActiveRecord: 81.6ms)


Started GET "/posts" for 127.0.0.1 at 2017-05-04 11:38:56 +0500
Processing by PostsController#index as HTML
  Rendering posts/index.html.erb within layouts/application
  [1m[36mPost Load (0.6ms)[0m  [1m[34mSELECT "posts".* FROM "posts"[0m
  Rendered posts/index.html.erb within layouts/application (2.9ms)
Completed 200 OK in 50ms (Views: 48.0ms | ActiveRecord: 0.6ms)


Started GET "/posts/new" for 127.0.0.1 at 2017-05-04 11:38:59 +0500
Processing by PostsController#new as HTML
  Rendering posts/new.html.erb within layouts/application
  Rendered posts/_form.html.erb (9.2ms)
  Rendered posts/new.html.erb within layouts/application (10.7ms)
Completed 200 OK in 60ms (Views: 57.8ms | ActiveRecord: 0.0ms)


Started POST "/posts" for 127.0.0.1 at 2017-05-04 11:39:07 +0500
Processing by PostsController#create as HTML
  Parameters: {"utf8"=>"✓", "authenticity_token"=>"D2V6T9ebIegwaa2DvXO1+91jonpTFF/PsKCn/QuLY1qdipZkTiSsgGqOLu+mIWY4k3297l8wHf1DugOL8bHtfw==", "post"=>{"image"=>#<ActionDispatch::Http::UploadedFile:0x007fb5fc0be230 @tempfile=#<Tempfile:/tmp/RackMultipart20170504-4313-193a967.jpg>, @original_filename="25-cars-worth-waiting-for-lp-ford-gt-photo-658253-s-original.jpg", @content_type="image/jpeg", @headers="Content-Disposition: form-data; name=\"post[image]\"; filename=\"25-cars-worth-waiting-for-lp-ford-gt-photo-658253-s-original.jpg\"\r\nContent-Type: image/jpeg\r\n">, "caption"=>"Ford GT"}, "commit"=>"Create Post"}
  [1m[35m (0.1ms)[0m  [1m[36mbegin transaction[0m
  [1m[35mSQL (0.3ms)[0m  [1m[32mINSERT INTO "posts" ("caption", "created_at", "updated_at", "image_file_name", "image_content_type", "image_file_size", "image_updated_at") VALUES (?, ?, ?, ?, ?, ?, ?)[0m  [["caption", "Ford GT"], ["created_at", 2017-05-04 06:39:07 UTC], ["updated_at", 2017-05-04 06:39:07 UTC], ["image_file_name", "25-cars-worth-waiting-for-lp-ford-gt-photo-658253-s-original.jpg"], ["image_content_type", "image/jpeg"], ["image_file_size", 474355], ["image_updated_at", 2017-05-04 06:39:07 UTC]]
  [1m[35m (170.7ms)[0m  [1m[36mcommit transaction[0m
Redirected to http://localhost:3000/posts
Completed 302 Found in 186ms (ActiveRecord: 171.0ms)


Started GET "/posts" for 127.0.0.1 at 2017-05-04 11:39:08 +0500
Processing by PostsController#index as HTML
  Rendering posts/index.html.erb within layouts/application
  [1m[36mPost Load (0.2ms)[0m  [1m[34mSELECT "posts".* FROM "posts"[0m
  Rendered posts/index.html.erb within layouts/application (1.9ms)
Completed 200 OK in 40ms (Views: 38.8ms | ActiveRecord: 0.2ms)


  [1m[36mActiveRecord::SchemaMigration Load (0.1ms)[0m  [1m[34mSELECT "schema_migrations".* FROM "schema_migrations"[0m
Migrating to AddUserNameToUsers (20170504064020)
  [1m[35m (0.1ms)[0m  [1m[36mbegin transaction[0m
  [1m[35m (0.3ms)[0m  [1m[35mALTER TABLE "users" ADD "user_name" varchar[0m
  [1m[35m (0.1ms)[0m  [1m[34mselect sqlite_version(*)[0m
  [1m[35m (0.1ms)[0m  [1m[34m            SELECT sql
            FROM sqlite_master
            WHERE name='index_users_on_reset_password_token' AND type='index'
            UNION ALL
            SELECT sql
            FROM sqlite_temp_master
            WHERE name='index_users_on_reset_password_token' AND type='index'
[0m
  [1m[35m (0.1ms)[0m  [1m[34m            SELECT sql
            FROM sqlite_master
            WHERE name='index_users_on_email' AND type='index'
            UNION ALL
            SELECT sql
            FROM sqlite_temp_master
            WHERE name='index_users_on_email' AND type='index'
[0m
  [1m[35m (0.2ms)[0m  [1m[35mCREATE UNIQUE INDEX "index_users_on_user_name" ON "users" ("user_name")[0m
  [1m[35mSQL (0.1ms)[0m  [1m[32mINSERT INTO "schema_migrations" ("version") VALUES (?)[0m  [["version", "20170504064020"]]
  [1m[35m (110.7ms)[0m  [1m[36mcommit transaction[0m
  [1m[36mActiveRecord::InternalMetadata Load (0.4ms)[0m  [1m[34mSELECT  "ar_internal_metadata".* FROM "ar_internal_metadata" WHERE "ar_internal_metadata"."key" = ? LIMIT ?[0m  [["key", :environment], ["LIMIT", 1]]
  [1m[35m (0.1ms)[0m  [1m[36mbegin transaction[0m
  [1m[35m (0.1ms)[0m  [1m[36mcommit transaction[0m
  [1m[36mActiveRecord::SchemaMigration Load (0.2ms)[0m  [1m[34mSELECT "schema_migrations".* FROM "schema_migrations"[0m
  [1m[35m (0.2ms)[0m  [1m[34m            SELECT sql
            FROM sqlite_master
            WHERE name='index_users_on_user_name' AND type='index'
            UNION ALL
            SELECT sql
            FROM sqlite_temp_master
            WHERE name='index_users_on_user_name' AND type='index'
[0m
  [1m[35m (0.2ms)[0m  [1m[34m            SELECT sql
            FROM sqlite_master
            WHERE name='index_users_on_reset_password_token' AND type='index'
            UNION ALL
            SELECT sql
            FROM sqlite_temp_master
            WHERE name='index_users_on_reset_password_token' AND type='index'
[0m
  [1m[35m (0.2ms)[0m  [1m[34m            SELECT sql
            FROM sqlite_master
            WHERE name='index_users_on_email' AND type='index'
            UNION ALL
            SELECT sql
            FROM sqlite_temp_master
            WHERE name='index_users_on_email' AND type='index'
[0m
Started GET "/posts" for 127.0.0.1 at 2017-05-04 11:59:14 +0500
  [1m[36mActiveRecord::SchemaMigration Load (0.2ms)[0m  [1m[34mSELECT "schema_migrations".* FROM "schema_migrations"[0m
Processing by PostsController#index as HTML
  Rendering posts/index.html.erb within layouts/application
  [1m[36mPost Load (0.2ms)[0m  [1m[34mSELECT "posts".* FROM "posts"[0m
  Rendered posts/index.html.erb within layouts/application (19.2ms)
  Rendered layouts/_navbar.html.erb (0.6ms)
Completed 200 OK in 241ms (Views: 227.2ms | ActiveRecord: 0.9ms)


Started GET "/posts" for 127.0.0.1 at 2017-05-04 12:06:08 +0500
Processing by PostsController#index as HTML
  Rendering posts/index.html.erb within layouts/application
  [1m[36mPost Load (0.4ms)[0m  [1m[34mSELECT "posts".* FROM "posts"[0m
  Rendered posts/index.html.erb within layouts/application (4.6ms)
  Rendered layouts/_navbar.html.erb (5.1ms)
Completed 200 OK in 71ms (Views: 68.7ms | ActiveRecord: 0.4ms)


Started GET "/users/sign_in" for 127.0.0.1 at 2017-05-04 12:06:22 +0500
Processing by Devise::SessionsController#new as HTML
  Rendering devise/sessions/new.html.erb within layouts/application
  Rendered devise/shared/_links.html.erb (1.1ms)
  Rendered devise/sessions/new.html.erb within layouts/application (125.6ms)
  Rendered layouts/_navbar.html.erb (0.8ms)
Completed 200 OK in 209ms (Views: 167.4ms | ActiveRecord: 0.8ms)


Started GET "/" for 127.0.0.1 at 2017-05-04 12:06:34 +0500
Processing by PostsController#index as HTML
  Rendering posts/index.html.erb within layouts/application
  [1m[36mPost Load (0.2ms)[0m  [1m[34mSELECT "posts".* FROM "posts"[0m
  Rendered posts/index.html.erb within layouts/application (3.1ms)
  Rendered layouts/_navbar.html.erb (1.2ms)
Completed 200 OK in 70ms (Views: 68.3ms | ActiveRecord: 0.2ms)


Started GET "/posts/new" for 127.0.0.1 at 2017-05-04 12:13:42 +0500
Processing by PostsController#new as HTML
  Rendering posts/new.html.erb within layouts/application
  Rendered posts/_form.html.erb (8.5ms)
  Rendered posts/new.html.erb within layouts/application (9.6ms)
  Rendered layouts/_navbar.html.erb (1.0ms)
Completed 200 OK in 68ms (Views: 67.2ms | ActiveRecord: 0.0ms)


Started GET "/posts/new" for 127.0.0.1 at 2017-05-04 12:15:58 +0500
Processing by PostsController#new as HTML
Completed 401 Unauthorized in 3ms (ActiveRecord: 0.0ms)


Started GET "/users/sign_in" for 127.0.0.1 at 2017-05-04 12:15:58 +0500
Processing by Devise::SessionsController#new as HTML
  Rendering devise/sessions/new.html.erb within layouts/application
  Rendered devise/shared/_links.html.erb (1.3ms)
  Rendered devise/sessions/new.html.erb within layouts/application (9.2ms)
  Rendered layouts/_navbar.html.erb (0.9ms)
Completed 200 OK in 99ms (Views: 56.4ms | ActiveRecord: 2.1ms)


  [1m[36mActiveRecord::SchemaMigration Load (0.2ms)[0m  [1m[34mSELECT "schema_migrations".* FROM "schema_migrations"[0m
Migrating to AddUserIdToPosts (20170504071907)
  [1m[35m (0.1ms)[0m  [1m[36mbegin transaction[0m
  [1m[35m (0.3ms)[0m  [1m[35mALTER TABLE "posts" ADD "user_id" integer[0m
  [1m[35m (0.1ms)[0m  [1m[34mselect sqlite_version(*)[0m
  [1m[35m (0.1ms)[0m  [1m[35mCREATE  INDEX "index_posts_on_user_id" ON "posts" ("user_id")[0m
  [1m[35mSQL (0.1ms)[0m  [1m[32mINSERT INTO "schema_migrations" ("version") VALUES (?)[0m  [["version", "20170504071907"]]
  [1m[35m (100.0ms)[0m  [1m[36mcommit transaction[0m
  [1m[36mActiveRecord::InternalMetadata Load (0.4ms)[0m  [1m[34mSELECT  "ar_internal_metadata".* FROM "ar_internal_metadata" WHERE "ar_internal_metadata"."key" = ? LIMIT ?[0m  [["key", :environment], ["LIMIT", 1]]
  [1m[35m (0.2ms)[0m  [1m[36mbegin transaction[0m
  [1m[35m (0.1ms)[0m  [1m[36mcommit transaction[0m
  [1m[36mActiveRecord::SchemaMigration Load (0.2ms)[0m  [1m[34mSELECT "schema_migrations".* FROM "schema_migrations"[0m
  [1m[35m (0.3ms)[0m  [1m[34m            SELECT sql
            FROM sqlite_master
            WHERE name='index_posts_on_user_id' AND type='index'
            UNION ALL
            SELECT sql
            FROM sqlite_temp_master
            WHERE name='index_posts_on_user_id' AND type='index'
[0m
  [1m[35m (0.2ms)[0m  [1m[34m            SELECT sql
            FROM sqlite_master
            WHERE name='index_users_on_user_name' AND type='index'
            UNION ALL
            SELECT sql
            FROM sqlite_temp_master
            WHERE name='index_users_on_user_name' AND type='index'
[0m
  [1m[35m (0.2ms)[0m  [1m[34m            SELECT sql
            FROM sqlite_master
            WHERE name='index_users_on_reset_password_token' AND type='index'
            UNION ALL
            SELECT sql
            FROM sqlite_temp_master
            WHERE name='index_users_on_reset_password_token' AND type='index'
[0m
  [1m[35m (0.2ms)[0m  [1m[34m            SELECT sql
            FROM sqlite_master
            WHERE name='index_users_on_email' AND type='index'
            UNION ALL
            SELECT sql
            FROM sqlite_temp_master
            WHERE name='index_users_on_email' AND type='index'
[0m
Started GET "/" for 127.0.0.1 at 2017-05-04 12:24:17 +0500
  [1m[36mActiveRecord::SchemaMigration Load (0.2ms)[0m  [1m[34mSELECT "schema_migrations".* FROM "schema_migrations"[0m
Processing by PostsController#index as HTML
Completed 401 Unauthorized in 17ms (ActiveRecord: 0.0ms)


Started GET "/users/sign_in" for 127.0.0.1 at 2017-05-04 12:24:17 +0500
Processing by Devise::SessionsController#new as HTML
  Rendering devise/sessions/new.html.erb within layouts/application
  Rendered devise/shared/_links.html.erb (1.0ms)
  Rendered devise/sessions/new.html.erb within layouts/application (38.8ms)
  Rendered layouts/_navbar.html.erb (0.9ms)
Completed 200 OK in 237ms (Views: 225.3ms | ActiveRecord: 0.6ms)


Started GET "/users/sign_up" for 127.0.0.1 at 2017-05-04 12:24:25 +0500
Processing by RegistrationsController#new as HTML
  Rendering devise/registrations/new.html.erb within layouts/application
  Rendered devise/shared/_links.html.erb (2.6ms)
  Rendered devise/registrations/new.html.erb within layouts/application (24.2ms)
  Rendered layouts/_navbar.html.erb (0.9ms)
Completed 200 OK in 110ms (Views: 107.5ms | ActiveRecord: 0.0ms)


Started POST "/users" for 127.0.0.1 at 2017-05-04 12:24:43 +0500
Processing by RegistrationsController#create as HTML
  Parameters: {"utf8"=>"✓", "authenticity_token"=>"RUrwMuqwkp5jAwxN7QRQdHMNkEfXT/2IioNe7Csbx++r2mO2IX6TxgGDbTd7H8CepVeuAxU8T51qZ4HfSGHAzA==", "user"=>{"user_name"=>"alpha", "email"=>"alpha@alpha.com", "password"=>"[FILTERED]", "password_confirmation"=>"[FILTERED]"}, "commit"=>"Sign up"}
  [1m[35m (0.1ms)[0m  [1m[36mbegin transaction[0m
  [1m[36mUser Exists (0.2ms)[0m  [1m[34mSELECT  1 AS one FROM "users" WHERE "users"."email" = ? LIMIT ?[0m  [["email", "alpha@alpha.com"], ["LIMIT", 1]]
  [1m[35mSQL (0.3ms)[0m  [1m[32mINSERT INTO "users" ("email", "encrypted_password", "created_at", "updated_at", "user_name") VALUES (?, ?, ?, ?, ?)[0m  [["email", "alpha@alpha.com"], ["encrypted_password", "$2a$11$KbIHGiAKG9m3jLAbhLF1i.r57O3YZwofay4/l0bHMa1sVJRgRrRy2"], ["created_at", 2017-05-04 07:24:43 UTC], ["updated_at", 2017-05-04 07:24:43 UTC], ["user_name", "alpha"]]
  [1m[35m (59.3ms)[0m  [1m[36mcommit transaction[0m
  [1m[35m (0.1ms)[0m  [1m[36mbegin transaction[0m
  [1m[35mSQL (0.3ms)[0m  [1m[33mUPDATE "users" SET "sign_in_count" = ?, "current_sign_in_at" = ?, "last_sign_in_at" = ?, "current_sign_in_ip" = ?, "last_sign_in_ip" = ?, "updated_at" = ? WHERE "users"."id" = ?[0m  [["sign_in_count", 1], ["current_sign_in_at", 2017-05-04 07:24:43 UTC], ["last_sign_in_at", 2017-05-04 07:24:43 UTC], ["current_sign_in_ip", "127.0.0.1"], ["last_sign_in_ip", "127.0.0.1"], ["updated_at", 2017-05-04 07:24:43 UTC], ["id", 1]]
  [1m[35m (50.7ms)[0m  [1m[36mcommit transaction[0m
Redirected to http://localhost:3000/
Completed 302 Found in 382ms (ActiveRecord: 111.0ms)


Started GET "/" for 127.0.0.1 at 2017-05-04 12:24:43 +0500
Processing by PostsController#index as HTML
  [1m[36mUser Load (0.4ms)[0m  [1m[34mSELECT  "users".* FROM "users" WHERE "users"."id" = ? ORDER BY "users"."id" ASC LIMIT ?[0m  [["id", 1], ["LIMIT", 1]]
  Rendering posts/index.html.erb within layouts/application
  [1m[36mPost Load (0.2ms)[0m  [1m[34mSELECT "posts".* FROM "posts"[0m
  Rendered posts/index.html.erb within layouts/application (10.4ms)
  Rendered layouts/_navbar.html.erb (0.7ms)
Completed 200 OK in 71ms (Views: 49.8ms | ActiveRecord: 1.0ms)


Started GET "/posts/1" for 127.0.0.1 at 2017-05-04 12:24:49 +0500
Processing by PostsController#show as HTML
  Parameters: {"id"=>"1"}
  [1m[36mPost Load (0.4ms)[0m  [1m[34mSELECT  "posts".* FROM "posts" WHERE "posts"."id" = ? LIMIT ?[0m  [["id", 1], ["LIMIT", 1]]
  [1m[36mUser Load (0.3ms)[0m  [1m[34mSELECT  "users".* FROM "users" WHERE "users"."id" = ? ORDER BY "users"."id" ASC LIMIT ?[0m  [["id", 1], ["LIMIT", 1]]
  Rendering posts/show.html.erb within layouts/application
  Rendered posts/show.html.erb within layouts/application (1.6ms)
  Rendered layouts/_navbar.html.erb (0.6ms)
Completed 200 OK in 51ms (Views: 43.7ms | ActiveRecord: 0.7ms)


Started GET "/posts/1/edit" for 127.0.0.1 at 2017-05-04 12:25:04 +0500
Processing by PostsController#edit as HTML
  Parameters: {"id"=>"1"}
  [1m[36mPost Load (0.2ms)[0m  [1m[34mSELECT  "posts".* FROM "posts" WHERE "posts"."id" = ? LIMIT ?[0m  [["id", 1], ["LIMIT", 1]]
  [1m[36mUser Load (0.4ms)[0m  [1m[34mSELECT  "users".* FROM "users" WHERE "users"."id" = ? ORDER BY "users"."id" ASC LIMIT ?[0m  [["id", 1], ["LIMIT", 1]]
  Rendering posts/edit.html.erb within layouts/application
  Rendered posts/_form.html.erb (7.2ms)
  Rendered posts/edit.html.erb within layouts/application (10.4ms)
  Rendered layouts/_navbar.html.erb (0.7ms)
Completed 200 OK in 64ms (Views: 58.2ms | ActiveRecord: 0.6ms)


Started DELETE "/posts/1" for 127.0.0.1 at 2017-05-04 12:25:09 +0500
Processing by PostsController#destroy as HTML
  Parameters: {"authenticity_token"=>"Au1bm63jCdYS5YVMwE5Is7I65YN1mbAIBaxmP8sOiJU2Z84gtVhgXXqo3pHYLRj39CKI/z3BZhIi1sqFQqlHYg==", "id"=>"1"}
  [1m[36mPost Load (0.1ms)[0m  [1m[34mSELECT  "posts".* FROM "posts" WHERE "posts"."id" = ? LIMIT ?[0m  [["id", 1], ["LIMIT", 1]]
  [1m[36mUser Load (0.2ms)[0m  [1m[34mSELECT  "users".* FROM "users" WHERE "users"."id" = ? ORDER BY "users"."id" ASC LIMIT ?[0m  [["id", 1], ["LIMIT", 1]]
  [1m[35m (0.1ms)[0m  [1m[36mbegin transaction[0m
  [1m[35mSQL (0.2ms)[0m  [1m[31mDELETE FROM "posts" WHERE "posts"."id" = ?[0m  [["id", 1]]
  [1m[35m (103.1ms)[0m  [1m[36mcommit transaction[0m
[paperclip] deleting /home/taharushain/Documents/IT-Entre/Codes/Rails/Rails-Instagram-Demo/public/system/posts/images/000/000/001/original/25-cars-worth-waiting-for-lp-mclaren-p14-photo-658259-s-original.jpg
Redirected to http://localhost:3000/posts
Completed 302 Found in 110ms (ActiveRecord: 103.8ms)


Started GET "/posts" for 127.0.0.1 at 2017-05-04 12:25:09 +0500
Processing by PostsController#index as HTML
  [1m[36mUser Load (0.3ms)[0m  [1m[34mSELECT  "users".* FROM "users" WHERE "users"."id" = ? ORDER BY "users"."id" ASC LIMIT ?[0m  [["id", 1], ["LIMIT", 1]]
  Rendering posts/index.html.erb within layouts/application
  [1m[36mPost Load (0.2ms)[0m  [1m[34mSELECT "posts".* FROM "posts"[0m
  Rendered posts/index.html.erb within layouts/application (2.5ms)
  Rendered layouts/_navbar.html.erb (0.7ms)
Completed 200 OK in 51ms (Views: 48.5ms | ActiveRecord: 0.5ms)


Started GET "/posts/2" for 127.0.0.1 at 2017-05-04 12:25:11 +0500
Processing by PostsController#show as HTML
  Parameters: {"id"=>"2"}
  [1m[36mPost Load (0.1ms)[0m  [1m[34mSELECT  "posts".* FROM "posts" WHERE "posts"."id" = ? LIMIT ?[0m  [["id", 2], ["LIMIT", 1]]
  [1m[36mUser Load (0.3ms)[0m  [1m[34mSELECT  "users".* FROM "users" WHERE "users"."id" = ? ORDER BY "users"."id" ASC LIMIT ?[0m  [["id", 1], ["LIMIT", 1]]
  Rendering posts/show.html.erb within layouts/application
  Rendered posts/show.html.erb within layouts/application (1.7ms)
  Rendered layouts/_navbar.html.erb (0.6ms)
Completed 200 OK in 73ms (Views: 69.0ms | ActiveRecord: 0.4ms)


Started GET "/posts/2/edit" for 127.0.0.1 at 2017-05-04 12:25:13 +0500
Processing by PostsController#edit as HTML
  Parameters: {"id"=>"2"}
  [1m[36mPost Load (0.1ms)[0m  [1m[34mSELECT  "posts".* FROM "posts" WHERE "posts"."id" = ? LIMIT ?[0m  [["id", 2], ["LIMIT", 1]]
  [1m[36mUser Load (0.2ms)[0m  [1m[34mSELECT  "users".* FROM "users" WHERE "users"."id" = ? ORDER BY "users"."id" ASC LIMIT ?[0m  [["id", 1], ["LIMIT", 1]]
  Rendering posts/edit.html.erb within layouts/application
  Rendered posts/_form.html.erb (5.5ms)
  Rendered posts/edit.html.erb within layouts/application (7.5ms)
  Rendered layouts/_navbar.html.erb (0.7ms)
Completed 200 OK in 57ms (Views: 54.4ms | ActiveRecord: 0.3ms)


Started DELETE "/posts/2" for 127.0.0.1 at 2017-05-04 12:25:17 +0500
Processing by PostsController#destroy as HTML
  Parameters: {"authenticity_token"=>"8+jT0rBSPv+8pFCDrD+8F/TCruRs5+FMj/W28NyG8OzHYkZpqOlXdNTpC160XOxTstrDmCS/N1aojxpKVSE/Gw==", "id"=>"2"}
  [1m[36mPost Load (0.1ms)[0m  [1m[34mSELECT  "posts".* FROM "posts" WHERE "posts"."id" = ? LIMIT ?[0m  [["id", 2], ["LIMIT", 1]]
  [1m[36mUser Load (0.2ms)[0m  [1m[34mSELECT  "users".* FROM "users" WHERE "users"."id" = ? ORDER BY "users"."id" ASC LIMIT ?[0m  [["id", 1], ["LIMIT", 1]]
  [1m[35m (0.1ms)[0m  [1m[36mbegin transaction[0m
  [1m[35mSQL (0.3ms)[0m  [1m[31mDELETE FROM "posts" WHERE "posts"."id" = ?[0m  [["id", 2]]
  [1m[35m (187.4ms)[0m  [1m[36mcommit transaction[0m
[paperclip] deleting /home/taharushain/Documents/IT-Entre/Codes/Rails/Rails-Instagram-Demo/public/system/posts/images/000/000/002/original/25-cars-worth-waiting-for-lp-ford-gt-photo-658253-s-original.jpg
Redirected to http://localhost:3000/posts
Completed 302 Found in 193ms (ActiveRecord: 188.0ms)


Started GET "/posts" for 127.0.0.1 at 2017-05-04 12:25:17 +0500
Processing by PostsController#index as HTML
  [1m[36mUser Load (0.2ms)[0m  [1m[34mSELECT  "users".* FROM "users" WHERE "users"."id" = ? ORDER BY "users"."id" ASC LIMIT ?[0m  [["id", 1], ["LIMIT", 1]]
  Rendering posts/index.html.erb within layouts/application
  [1m[36mPost Load (0.2ms)[0m  [1m[34mSELECT "posts".* FROM "posts"[0m
  Rendered posts/index.html.erb within layouts/application (1.2ms)
  Rendered layouts/_navbar.html.erb (0.8ms)
Completed 200 OK in 46ms (Views: 44.2ms | ActiveRecord: 0.4ms)


Started GET "/posts/new" for 127.0.0.1 at 2017-05-04 12:28:14 +0500
Processing by PostsController#new as HTML
  [1m[36mUser Load (0.4ms)[0m  [1m[34mSELECT  "users".* FROM "users" WHERE "users"."id" = ? ORDER BY "users"."id" ASC LIMIT ?[0m  [["id", 1], ["LIMIT", 1]]
  Rendering posts/new.html.erb within layouts/application
  Rendered posts/_form.html.erb (9.5ms)
  Rendered posts/new.html.erb within layouts/application (11.7ms)
  Rendered layouts/_navbar.html.erb (1.0ms)
Completed 200 OK in 509ms (Views: 85.2ms | ActiveRecord: 0.4ms)


Started POST "/posts" for 127.0.0.1 at 2017-05-04 12:28:26 +0500
Processing by PostsController#create as HTML
  Parameters: {"utf8"=>"✓", "authenticity_token"=>"8jV9G1AY2AZlPY3vVVLzYJ6wH5uwbK9jp5/PBh5FNtpg2pEwyadVbj/aDoNOACCj0K4AD7xI7VFUhWtw5H+4/w==", "post"=>{"image"=>#<ActionDispatch::Http::UploadedFile:0x007fa8a19098a8 @tempfile=#<Tempfile:/tmp/RackMultipart20170504-5328-eu73r0.jpg>, @original_filename="25-cars-worth-waiting-for-lp-mclaren-p14-photo-658259-s-original.jpg", @content_type="image/jpeg", @headers="Content-Disposition: form-data; name=\"post[image]\"; filename=\"25-cars-worth-waiting-for-lp-mclaren-p14-photo-658259-s-original.jpg\"\r\nContent-Type: image/jpeg\r\n">, "caption"=>"Mc Laren"}, "commit"=>"Create Post"}
  [1m[36mUser Load (0.3ms)[0m  [1m[34mSELECT  "users".* FROM "users" WHERE "users"."id" = ? ORDER BY "users"."id" ASC LIMIT ?[0m  [["id", 1], ["LIMIT", 1]]
  [1m[35m (0.1ms)[0m  [1m[36mbegin transaction[0m
  [1m[35mSQL (0.3ms)[0m  [1m[32mINSERT INTO "posts" ("caption", "created_at", "updated_at", "image_file_name", "image_content_type", "image_file_size", "image_updated_at", "user_id") VALUES (?, ?, ?, ?, ?, ?, ?, ?)[0m  [["caption", "Mc Laren"], ["created_at", 2017-05-04 07:28:26 UTC], ["updated_at", 2017-05-04 07:28:26 UTC], ["image_file_name", "25-cars-worth-waiting-for-lp-mclaren-p14-photo-658259-s-original.jpg"], ["image_content_type", "image/jpeg"], ["image_file_size", 445270], ["image_updated_at", 2017-05-04 07:28:26 UTC], ["user_id", 1]]
  [1m[35m (146.9ms)[0m  [1m[36mcommit transaction[0m
Redirected to http://localhost:3000/posts
Completed 302 Found in 339ms (ActiveRecord: 147.6ms)


Started GET "/posts" for 127.0.0.1 at 2017-05-04 12:28:26 +0500
Processing by PostsController#index as HTML
  [1m[36mUser Load (0.2ms)[0m  [1m[34mSELECT  "users".* FROM "users" WHERE "users"."id" = ? ORDER BY "users"."id" ASC LIMIT ?[0m  [["id", 1], ["LIMIT", 1]]
  Rendering posts/index.html.erb within layouts/application
  [1m[36mPost Load (0.2ms)[0m  [1m[34mSELECT "posts".* FROM "posts"[0m
  [1m[36mUser Load (0.2ms)[0m  [1m[34mSELECT  "users".* FROM "users" WHERE "users"."id" = ? LIMIT ?[0m  [["id", 1], ["LIMIT", 1]]
  Rendered posts/index.html.erb within layouts/application (4.5ms)
  Rendered layouts/_navbar.html.erb (0.8ms)
Completed 200 OK in 53ms (Views: 50.6ms | ActiveRecord: 0.6ms)


Started GET "/posts/new" for 127.0.0.1 at 2017-05-04 12:28:34 +0500
Processing by PostsController#new as HTML
  [1m[36mUser Load (0.4ms)[0m  [1m[34mSELECT  "users".* FROM "users" WHERE "users"."id" = ? ORDER BY "users"."id" ASC LIMIT ?[0m  [["id", 1], ["LIMIT", 1]]
  Rendering posts/new.html.erb within layouts/application
  Rendered posts/_form.html.erb (8.5ms)
  Rendered posts/new.html.erb within layouts/application (9.8ms)
  Rendered layouts/_navbar.html.erb (0.7ms)
Completed 200 OK in 62ms (Views: 54.9ms | ActiveRecord: 0.4ms)


Started POST "/posts" for 127.0.0.1 at 2017-05-04 12:28:40 +0500
Processing by PostsController#create as HTML
  Parameters: {"utf8"=>"✓", "authenticity_token"=>"I6nbZtACyYNcVjiN/Mr91lHyYxrFqBlsD/jUE3KfS0ixRjdNSb1E6waxu+HnmC4VH+x8jsmMW1784nBliKXFbQ==", "post"=>{"image"=>#<ActionDispatch::Http::UploadedFile:0x007fa890018e80 @tempfile=#<Tempfile:/tmp/RackMultipart20170504-5328-sjvpc8.jpg>, @original_filename="25-cars-worth-waiting-for-lp-ford-gt-photo-658253-s-original.jpg", @content_type="image/jpeg", @headers="Content-Disposition: form-data; name=\"post[image]\"; filename=\"25-cars-worth-waiting-for-lp-ford-gt-photo-658253-s-original.jpg\"\r\nContent-Type: image/jpeg\r\n">, "caption"=>"Ford GT"}, "commit"=>"Create Post"}
  [1m[36mUser Load (0.3ms)[0m  [1m[34mSELECT  "users".* FROM "users" WHERE "users"."id" = ? ORDER BY "users"."id" ASC LIMIT ?[0m  [["id", 1], ["LIMIT", 1]]
  [1m[35m (0.1ms)[0m  [1m[36mbegin transaction[0m
  [1m[35mSQL (0.3ms)[0m  [1m[32mINSERT INTO "posts" ("caption", "created_at", "updated_at", "image_file_name", "image_content_type", "image_file_size", "image_updated_at", "user_id") VALUES (?, ?, ?, ?, ?, ?, ?, ?)[0m  [["caption", "Ford GT"], ["created_at", 2017-05-04 07:28:40 UTC], ["updated_at", 2017-05-04 07:28:40 UTC], ["image_file_name", "25-cars-worth-waiting-for-lp-ford-gt-photo-658253-s-original.jpg"], ["image_content_type", "image/jpeg"], ["image_file_size", 474355], ["image_updated_at", 2017-05-04 07:28:40 UTC], ["user_id", 1]]
  [1m[35m (176.5ms)[0m  [1m[36mcommit transaction[0m
Redirected to http://localhost:3000/posts
Completed 302 Found in 188ms (ActiveRecord: 177.1ms)


Started GET "/posts" for 127.0.0.1 at 2017-05-04 12:28:40 +0500
Processing by PostsController#index as HTML
  [1m[36mUser Load (0.3ms)[0m  [1m[34mSELECT  "users".* FROM "users" WHERE "users"."id" = ? ORDER BY "users"."id" ASC LIMIT ?[0m  [["id", 1], ["LIMIT", 1]]
  Rendering posts/index.html.erb within layouts/application
  [1m[36mPost Load (0.2ms)[0m  [1m[34mSELECT "posts".* FROM "posts"[0m
  [1m[36mUser Load (0.1ms)[0m  [1m[34mSELECT  "users".* FROM "users" WHERE "users"."id" = ? LIMIT ?[0m  [["id", 1], ["LIMIT", 1]]
  [1m[36mCACHE (0.0ms)[0m  [1m[34mSELECT  "users".* FROM "users" WHERE "users"."id" = ? LIMIT ?[0m  [["id", 1], ["LIMIT", 1]]
  Rendered posts/index.html.erb within layouts/application (4.4ms)
  Rendered layouts/_navbar.html.erb (0.8ms)
Completed 200 OK in 51ms (Views: 47.9ms | ActiveRecord: 0.6ms)


Started GET "/" for 127.0.0.1 at 2017-05-10 09:29:21 +0500
  [1m[36mActiveRecord::SchemaMigration Load (0.2ms)[0m  [1m[34mSELECT "schema_migrations".* FROM "schema_migrations"[0m
Processing by PostsController#index as HTML
Completed 401 Unauthorized in 33ms (ActiveRecord: 0.0ms)


Started GET "/users/sign_in" for 127.0.0.1 at 2017-05-10 09:29:21 +0500
Processing by Devise::SessionsController#new as HTML
  Rendering devise/sessions/new.html.erb within layouts/application
  Rendered devise/shared/_links.html.erb (1.6ms)
  Rendered devise/sessions/new.html.erb within layouts/application (159.4ms)
  Rendered layouts/_navbar.html.erb (1.2ms)
Completed 200 OK in 1624ms (Views: 1599.3ms | ActiveRecord: 0.9ms)


Started GET "/" for 127.0.0.1 at 2017-05-10 09:29:27 +0500
Processing by PostsController#index as HTML
Completed 401 Unauthorized in 2ms (ActiveRecord: 0.0ms)


Started GET "/users/sign_in" for 127.0.0.1 at 2017-05-10 09:29:27 +0500
Processing by Devise::SessionsController#new as HTML
  Rendering devise/sessions/new.html.erb within layouts/application
  Rendered devise/shared/_links.html.erb (2.2ms)
  Rendered devise/sessions/new.html.erb within layouts/application (16.0ms)
  Rendered layouts/_navbar.html.erb (0.9ms)
Completed 200 OK in 80ms (Views: 78.6ms | ActiveRecord: 0.0ms)


Started GET "/" for 127.0.0.1 at 2017-05-10 09:29:51 +0500
Processing by PostsController#index as HTML
Completed 401 Unauthorized in 1ms (ActiveRecord: 0.0ms)


Started GET "/users/sign_in" for 127.0.0.1 at 2017-05-10 09:29:51 +0500
Processing by Devise::SessionsController#new as HTML
  Rendering devise/sessions/new.html.erb within layouts/application
  Rendered devise/shared/_links.html.erb (1.3ms)
  Rendered devise/sessions/new.html.erb within layouts/application (14.0ms)
  Rendered layouts/_navbar.html.erb (1.2ms)
Completed 200 OK in 55ms (Views: 53.6ms | ActiveRecord: 0.0ms)


Started GET "/users/sign_up" for 127.0.0.1 at 2017-05-10 09:29:58 +0500
Processing by RegistrationsController#new as HTML
  Rendering devise/registrations/new.html.erb within layouts/application
  Rendered devise/shared/_links.html.erb (1.0ms)
  Rendered devise/registrations/new.html.erb within layouts/application (19.9ms)
  Rendered layouts/_navbar.html.erb (0.9ms)
Completed 200 OK in 79ms (Views: 78.0ms | ActiveRecord: 0.0ms)


Started POST "/users" for 127.0.0.1 at 2017-05-10 09:31:57 +0500
Processing by RegistrationsController#create as HTML
  Parameters: {"utf8"=>"✓", "authenticity_token"=>"sq5/v6/JDcZxpNCESQtQUR7YC+QbxtyADEpECo3gsoAIMt4lLAadamXx4HDMMIwx2zAZ8oXFDSf9yqqFEaoUog==", "user"=>{"user_name"=>"Beta ", "email"=>"b@b.com", "password"=>"[FILTERED]", "password_confirmation"=>"[FILTERED]"}, "commit"=>"Sign up"}
  [1m[35m (0.1ms)[0m  [1m[36mbegin transaction[0m
  [1m[36mUser Exists (0.3ms)[0m  [1m[34mSELECT  1 AS one FROM "users" WHERE "users"."email" = ? LIMIT ?[0m  [["email", "b@b.com"], ["LIMIT", 1]]
  [1m[35mSQL (0.3ms)[0m  [1m[32mINSERT INTO "users" ("email", "encrypted_password", "created_at", "updated_at", "user_name") VALUES (?, ?, ?, ?, ?)[0m  [["email", "b@b.com"], ["encrypted_password", "$2a$11$K.uK9Qh/xcoJDIJte0LzcOGjc009A/KNuUxV8nCihPOnV4ZoyLL1."], ["created_at", 2017-05-10 04:31:57 UTC], ["updated_at", 2017-05-10 04:31:57 UTC], ["user_name", "Beta "]]
  [1m[35m (75.6ms)[0m  [1m[36mcommit transaction[0m
  [1m[35m (0.1ms)[0m  [1m[36mbegin transaction[0m
  [1m[35mSQL (0.4ms)[0m  [1m[33mUPDATE "users" SET "sign_in_count" = ?, "current_sign_in_at" = ?, "last_sign_in_at" = ?, "current_sign_in_ip" = ?, "last_sign_in_ip" = ?, "updated_at" = ? WHERE "users"."id" = ?[0m  [["sign_in_count", 1], ["current_sign_in_at", 2017-05-10 04:31:57 UTC], ["last_sign_in_at", 2017-05-10 04:31:57 UTC], ["current_sign_in_ip", "127.0.0.1"], ["last_sign_in_ip", "127.0.0.1"], ["updated_at", 2017-05-10 04:31:57 UTC], ["id", 2]]
  [1m[35m (51.6ms)[0m  [1m[36mcommit transaction[0m
Redirected to http://localhost:3000/
Completed 302 Found in 393ms (ActiveRecord: 128.3ms)


Started GET "/" for 127.0.0.1 at 2017-05-10 09:31:57 +0500
Processing by PostsController#index as HTML
  [1m[36mUser Load (0.7ms)[0m  [1m[34mSELECT  "users".* FROM "users" WHERE "users"."id" = ? ORDER BY "users"."id" ASC LIMIT ?[0m  [["id", 2], ["LIMIT", 1]]
  Rendering posts/index.html.erb within layouts/application
  [1m[36mPost Load (0.2ms)[0m  [1m[34mSELECT "posts".* FROM "posts"[0m
  [1m[36mUser Load (0.3ms)[0m  [1m[34mSELECT  "users".* FROM "users" WHERE "users"."id" = ? LIMIT ?[0m  [["id", 1], ["LIMIT", 1]]
  [1m[36mCACHE (0.0ms)[0m  [1m[34mSELECT  "users".* FROM "users" WHERE "users"."id" = ? LIMIT ?[0m  [["id", 1], ["LIMIT", 1]]
  Rendered posts/index.html.erb within layouts/application (50.3ms)
  Rendered layouts/_navbar.html.erb (0.8ms)
Completed 200 OK in 150ms (Views: 100.3ms | ActiveRecord: 2.2ms)


Started GET "/" for 127.0.0.1 at 2017-05-10 09:41:16 +0500
Processing by PostsController#index as HTML
Completed 401 Unauthorized in 1ms (ActiveRecord: 0.0ms)


Started GET "/users/sign_in" for 127.0.0.1 at 2017-05-10 09:41:16 +0500
Processing by Devise::SessionsController#new as HTML
  Rendering devise/sessions/new.html.erb within layouts/application
  Rendered devise/shared/_links.html.erb (1.0ms)
  Rendered devise/sessions/new.html.erb within layouts/application (6.9ms)
  Rendered layouts/_navbar.html.erb (0.8ms)
Completed 200 OK in 48ms (Views: 47.0ms | ActiveRecord: 0.0ms)


Started DELETE "/users/sign_out" for 127.0.0.1 at 2017-05-10 09:41:18 +0500
Processing by Devise::SessionsController#destroy as HTML
  Parameters: {"authenticity_token"=>"ft0Y7VStvI6Vtah/6NAvdFdmXiZCoMIvnIxezV50hxLs5xhyR8ToIEVNn/zNieMv940eg7bmcLaLHCKIQEfmiA=="}
  [1m[36mUser Load (0.3ms)[0m  [1m[34mSELECT  "users".* FROM "users" WHERE "users"."id" = ? ORDER BY "users"."id" ASC LIMIT ?[0m  [["id", 2], ["LIMIT", 1]]
  [1m[35m (0.1ms)[0m  [1m[36mbegin transaction[0m
  [1m[35m (0.1ms)[0m  [1m[36mcommit transaction[0m
Redirected to http://localhost:3000/
Completed 302 Found in 31ms (ActiveRecord: 0.5ms)


Started GET "/" for 127.0.0.1 at 2017-05-10 09:41:18 +0500
Processing by PostsController#index as HTML
Completed 401 Unauthorized in 1ms (ActiveRecord: 0.0ms)


Started GET "/users/sign_in" for 127.0.0.1 at 2017-05-10 09:41:18 +0500
Processing by Devise::SessionsController#new as HTML
  Rendering devise/sessions/new.html.erb within layouts/application
  Rendered devise/shared/_links.html.erb (1.6ms)
  Rendered devise/sessions/new.html.erb within layouts/application (10.4ms)
  Rendered layouts/_navbar.html.erb (0.8ms)
Completed 200 OK in 62ms (Views: 60.7ms | ActiveRecord: 0.0ms)


Started POST "/users/sign_in" for 127.0.0.1 at 2017-05-10 09:41:25 +0500
Processing by Devise::SessionsController#create as HTML
  Parameters: {"utf8"=>"✓", "authenticity_token"=>"nlJisdk24F+ir4CLeyzIKEIF2gMnGXKvq0YSERoYxiEOCAmkEJhzLMiEel8nlmY0PzNbG96qAzTBcQlMxcZzow==", "user"=>{"email"=>"b@b.com", "password"=>"[FILTERED]", "remember_me"=>"0"}, "commit"=>"Log in"}
  [1m[36mUser Load (0.2ms)[0m  [1m[34mSELECT  "users".* FROM "users" WHERE "users"."email" = ? ORDER BY "users"."id" ASC LIMIT ?[0m  [["email", "b@b.com"], ["LIMIT", 1]]
  [1m[35m (0.1ms)[0m  [1m[36mbegin transaction[0m
  [1m[35mSQL (0.2ms)[0m  [1m[33mUPDATE "users" SET "current_sign_in_at" = ?, "sign_in_count" = ?, "updated_at" = ? WHERE "users"."id" = ?[0m  [["current_sign_in_at", 2017-05-10 04:41:25 UTC], ["sign_in_count", 2], ["updated_at", 2017-05-10 04:41:25 UTC], ["id", 2]]
  [1m[35m (53.1ms)[0m  [1m[36mcommit transaction[0m
Redirected to http://localhost:3000/
Completed 302 Found in 260ms (ActiveRecord: 53.5ms)


Started GET "/" for 127.0.0.1 at 2017-05-10 09:41:26 +0500
Processing by PostsController#index as HTML
  [1m[36mUser Load (0.5ms)[0m  [1m[34mSELECT  "users".* FROM "users" WHERE "users"."id" = ? ORDER BY "users"."id" ASC LIMIT ?[0m  [["id", 2], ["LIMIT", 1]]
  Rendering posts/index.html.erb within layouts/application
  [1m[36mPost Load (0.2ms)[0m  [1m[34mSELECT "posts".* FROM "posts"[0m
  [1m[36mUser Load (0.2ms)[0m  [1m[34mSELECT  "users".* FROM "users" WHERE "users"."id" = ? LIMIT ?[0m  [["id", 1], ["LIMIT", 1]]
  [1m[36mCACHE (0.0ms)[0m  [1m[34mSELECT  "users".* FROM "users" WHERE "users"."id" = ? LIMIT ?[0m  [["id", 1], ["LIMIT", 1]]
  Rendered posts/index.html.erb within layouts/application (5.6ms)
  Rendered layouts/_navbar.html.erb (0.8ms)
Completed 200 OK in 54ms (Views: 50.9ms | ActiveRecord: 0.9ms)


Started GET "/" for 127.0.0.1 at 2017-05-10 10:14:14 +0500
  [1m[36mActiveRecord::SchemaMigration Load (0.1ms)[0m  [1m[34mSELECT "schema_migrations".* FROM "schema_migrations"[0m
  
ActiveRecord::PendingMigrationError (

Migrations are pending. To resolve this issue, run:

        bin/rails db:migrate RAILS_ENV=development

):
  
activerecord (5.0.2) lib/active_record/migration.rb:573:in `check_pending!'
activerecord (5.0.2) lib/active_record/migration.rb:549:in `call'
actionpack (5.0.2) lib/action_dispatch/middleware/callbacks.rb:38:in `block in call'
activesupport (5.0.2) lib/active_support/callbacks.rb:97:in `__run_callbacks__'
activesupport (5.0.2) lib/active_support/callbacks.rb:750:in `_run_call_callbacks'
activesupport (5.0.2) lib/active_support/callbacks.rb:90:in `run_callbacks'
actionpack (5.0.2) lib/action_dispatch/middleware/callbacks.rb:36:in `call'
actionpack (5.0.2) lib/action_dispatch/middleware/executor.rb:12:in `call'
actionpack (5.0.2) lib/action_dispatch/middleware/remote_ip.rb:79:in `call'
actionpack (5.0.2) lib/action_dispatch/middleware/debug_exceptions.rb:49:in `call'
web-console (3.5.0) lib/web_console/middleware.rb:135:in `call_app'
web-console (3.5.0) lib/web_console/middleware.rb:28:in `block in call'
web-console (3.5.0) lib/web_console/middleware.rb:18:in `catch'
web-console (3.5.0) lib/web_console/middleware.rb:18:in `call'
actionpack (5.0.2) lib/action_dispatch/middleware/show_exceptions.rb:31:in `call'
railties (5.0.2) lib/rails/rack/logger.rb:36:in `call_app'
railties (5.0.2) lib/rails/rack/logger.rb:24:in `block in call'
activesupport (5.0.2) lib/active_support/tagged_logging.rb:69:in `block in tagged'
activesupport (5.0.2) lib/active_support/tagged_logging.rb:26:in `tagged'
activesupport (5.0.2) lib/active_support/tagged_logging.rb:69:in `tagged'
railties (5.0.2) lib/rails/rack/logger.rb:24:in `call'
sprockets-rails (3.2.0) lib/sprockets/rails/quiet_assets.rb:13:in `call'
actionpack (5.0.2) lib/action_dispatch/middleware/request_id.rb:24:in `call'
rack (2.0.1) lib/rack/method_override.rb:22:in `call'
rack (2.0.1) lib/rack/runtime.rb:22:in `call'
activesupport (5.0.2) lib/active_support/cache/strategy/local_cache_middleware.rb:28:in `call'
actionpack (5.0.2) lib/action_dispatch/middleware/executor.rb:12:in `call'
actionpack (5.0.2) lib/action_dispatch/middleware/static.rb:136:in `call'
rack (2.0.1) lib/rack/sendfile.rb:111:in `call'
railties (5.0.2) lib/rails/engine.rb:522:in `call'
puma (3.8.2) lib/puma/configuration.rb:224:in `call'
puma (3.8.2) lib/puma/server.rb:600:in `handle_request'
puma (3.8.2) lib/puma/server.rb:435:in `process_client'
puma (3.8.2) lib/puma/server.rb:299:in `block in run'
puma (3.8.2) lib/puma/thread_pool.rb:120:in `block in spawn_thread'
  Rendering /home/taharushain/.rbenv/versions/2.4.1/lib/ruby/gems/2.4.0/gems/actionpack-5.0.2/lib/action_dispatch/middleware/templates/rescues/diagnostics.html.erb within rescues/layout
  Rendering /home/taharushain/.rbenv/versions/2.4.1/lib/ruby/gems/2.4.0/gems/actionpack-5.0.2/lib/action_dispatch/middleware/templates/rescues/_source.html.erb
  Rendered /home/taharushain/.rbenv/versions/2.4.1/lib/ruby/gems/2.4.0/gems/actionpack-5.0.2/lib/action_dispatch/middleware/templates/rescues/_source.html.erb (3.3ms)
  Rendering /home/taharushain/.rbenv/versions/2.4.1/lib/ruby/gems/2.4.0/gems/actionpack-5.0.2/lib/action_dispatch/middleware/templates/rescues/_trace.html.erb
  Rendered /home/taharushain/.rbenv/versions/2.4.1/lib/ruby/gems/2.4.0/gems/actionpack-5.0.2/lib/action_dispatch/middleware/templates/rescues/_trace.html.erb (1.2ms)
  Rendering /home/taharushain/.rbenv/versions/2.4.1/lib/ruby/gems/2.4.0/gems/actionpack-5.0.2/lib/action_dispatch/middleware/templates/rescues/_request_and_response.html.erb
  Rendered /home/taharushain/.rbenv/versions/2.4.1/lib/ruby/gems/2.4.0/gems/actionpack-5.0.2/lib/action_dispatch/middleware/templates/rescues/_request_and_response.html.erb (0.7ms)
  Rendered /home/taharushain/.rbenv/versions/2.4.1/lib/ruby/gems/2.4.0/gems/actionpack-5.0.2/lib/action_dispatch/middleware/templates/rescues/diagnostics.html.erb within rescues/layout (41.2ms)
Started GET "/" for 127.0.0.1 at 2017-05-10 10:14:18 +0500
  [1m[36mActiveRecord::SchemaMigration Load (0.1ms)[0m  [1m[34mSELECT "schema_migrations".* FROM "schema_migrations"[0m
  
ActiveRecord::PendingMigrationError (

Migrations are pending. To resolve this issue, run:

        bin/rails db:migrate RAILS_ENV=development

):
  
activerecord (5.0.2) lib/active_record/migration.rb:573:in `check_pending!'
activerecord (5.0.2) lib/active_record/migration.rb:549:in `call'
actionpack (5.0.2) lib/action_dispatch/middleware/callbacks.rb:38:in `block in call'
activesupport (5.0.2) lib/active_support/callbacks.rb:97:in `__run_callbacks__'
activesupport (5.0.2) lib/active_support/callbacks.rb:750:in `_run_call_callbacks'
activesupport (5.0.2) lib/active_support/callbacks.rb:90:in `run_callbacks'
actionpack (5.0.2) lib/action_dispatch/middleware/callbacks.rb:36:in `call'
actionpack (5.0.2) lib/action_dispatch/middleware/executor.rb:12:in `call'
actionpack (5.0.2) lib/action_dispatch/middleware/remote_ip.rb:79:in `call'
actionpack (5.0.2) lib/action_dispatch/middleware/debug_exceptions.rb:49:in `call'
web-console (3.5.0) lib/web_console/middleware.rb:135:in `call_app'
web-console (3.5.0) lib/web_console/middleware.rb:28:in `block in call'
web-console (3.5.0) lib/web_console/middleware.rb:18:in `catch'
web-console (3.5.0) lib/web_console/middleware.rb:18:in `call'
actionpack (5.0.2) lib/action_dispatch/middleware/show_exceptions.rb:31:in `call'
railties (5.0.2) lib/rails/rack/logger.rb:36:in `call_app'
railties (5.0.2) lib/rails/rack/logger.rb:24:in `block in call'
activesupport (5.0.2) lib/active_support/tagged_logging.rb:69:in `block in tagged'
activesupport (5.0.2) lib/active_support/tagged_logging.rb:26:in `tagged'
activesupport (5.0.2) lib/active_support/tagged_logging.rb:69:in `tagged'
railties (5.0.2) lib/rails/rack/logger.rb:24:in `call'
sprockets-rails (3.2.0) lib/sprockets/rails/quiet_assets.rb:13:in `call'
actionpack (5.0.2) lib/action_dispatch/middleware/request_id.rb:24:in `call'
rack (2.0.1) lib/rack/method_override.rb:22:in `call'
rack (2.0.1) lib/rack/runtime.rb:22:in `call'
activesupport (5.0.2) lib/active_support/cache/strategy/local_cache_middleware.rb:28:in `call'
actionpack (5.0.2) lib/action_dispatch/middleware/executor.rb:12:in `call'
actionpack (5.0.2) lib/action_dispatch/middleware/static.rb:136:in `call'
rack (2.0.1) lib/rack/sendfile.rb:111:in `call'
railties (5.0.2) lib/rails/engine.rb:522:in `call'
puma (3.8.2) lib/puma/configuration.rb:224:in `call'
puma (3.8.2) lib/puma/server.rb:600:in `handle_request'
puma (3.8.2) lib/puma/server.rb:435:in `process_client'
puma (3.8.2) lib/puma/server.rb:299:in `block in run'
puma (3.8.2) lib/puma/thread_pool.rb:120:in `block in spawn_thread'
  Rendering /home/taharushain/.rbenv/versions/2.4.1/lib/ruby/gems/2.4.0/gems/actionpack-5.0.2/lib/action_dispatch/middleware/templates/rescues/diagnostics.html.erb within rescues/layout
  Rendering /home/taharushain/.rbenv/versions/2.4.1/lib/ruby/gems/2.4.0/gems/actionpack-5.0.2/lib/action_dispatch/middleware/templates/rescues/_source.html.erb
  Rendered /home/taharushain/.rbenv/versions/2.4.1/lib/ruby/gems/2.4.0/gems/actionpack-5.0.2/lib/action_dispatch/middleware/templates/rescues/_source.html.erb (2.5ms)
  Rendering /home/taharushain/.rbenv/versions/2.4.1/lib/ruby/gems/2.4.0/gems/actionpack-5.0.2/lib/action_dispatch/middleware/templates/rescues/_trace.html.erb
  Rendered /home/taharushain/.rbenv/versions/2.4.1/lib/ruby/gems/2.4.0/gems/actionpack-5.0.2/lib/action_dispatch/middleware/templates/rescues/_trace.html.erb (1.4ms)
  Rendering /home/taharushain/.rbenv/versions/2.4.1/lib/ruby/gems/2.4.0/gems/actionpack-5.0.2/lib/action_dispatch/middleware/templates/rescues/_request_and_response.html.erb
  Rendered /home/taharushain/.rbenv/versions/2.4.1/lib/ruby/gems/2.4.0/gems/actionpack-5.0.2/lib/action_dispatch/middleware/templates/rescues/_request_and_response.html.erb (0.7ms)
  Rendered /home/taharushain/.rbenv/versions/2.4.1/lib/ruby/gems/2.4.0/gems/actionpack-5.0.2/lib/action_dispatch/middleware/templates/rescues/diagnostics.html.erb within rescues/layout (21.9ms)
  [1m[36mActiveRecord::SchemaMigration Load (0.3ms)[0m  [1m[34mSELECT "schema_migrations".* FROM "schema_migrations"[0m
Migrating to CreateComments (20170510045937)
  [1m[35m (0.1ms)[0m  [1m[36mbegin transaction[0m
  [1m[35m (0.6ms)[0m  [1m[35mCREATE TABLE "comments" ("id" INTEGER PRIMARY KEY AUTOINCREMENT NOT NULL, "user_id" integer, "post_id" integer, "content" text, "created_at" datetime NOT NULL, "updated_at" datetime NOT NULL)[0m
  [1m[35m (0.1ms)[0m  [1m[34mselect sqlite_version(*)[0m
  [1m[35m (0.2ms)[0m  [1m[35mCREATE  INDEX "index_comments_on_user_id" ON "comments" ("user_id")[0m
  [1m[35m (0.1ms)[0m  [1m[34m            SELECT sql
            FROM sqlite_master
            WHERE name='index_comments_on_user_id' AND type='index'
            UNION ALL
            SELECT sql
            FROM sqlite_temp_master
            WHERE name='index_comments_on_user_id' AND type='index'
[0m
  [1m[35m (0.2ms)[0m  [1m[35mCREATE  INDEX "index_comments_on_post_id" ON "comments" ("post_id")[0m
  [1m[35mSQL (0.2ms)[0m  [1m[32mINSERT INTO "schema_migrations" ("version") VALUES (?)[0m  [["version", "20170510045937"]]
  [1m[35m (84.7ms)[0m  [1m[36mcommit transaction[0m
  [1m[36mActiveRecord::InternalMetadata Load (0.4ms)[0m  [1m[34mSELECT  "ar_internal_metadata".* FROM "ar_internal_metadata" WHERE "ar_internal_metadata"."key" = ? LIMIT ?[0m  [["key", :environment], ["LIMIT", 1]]
  [1m[35m (0.1ms)[0m  [1m[36mbegin transaction[0m
  [1m[35m (0.1ms)[0m  [1m[36mcommit transaction[0m
  [1m[36mActiveRecord::SchemaMigration Load (0.2ms)[0m  [1m[34mSELECT "schema_migrations".* FROM "schema_migrations"[0m
  [1m[35m (0.3ms)[0m  [1m[34m            SELECT sql
            FROM sqlite_master
            WHERE name='index_comments_on_post_id' AND type='index'
            UNION ALL
            SELECT sql
            FROM sqlite_temp_master
            WHERE name='index_comments_on_post_id' AND type='index'
[0m
  [1m[35m (0.3ms)[0m  [1m[34m            SELECT sql
            FROM sqlite_master
            WHERE name='index_comments_on_user_id' AND type='index'
            UNION ALL
            SELECT sql
            FROM sqlite_temp_master
            WHERE name='index_comments_on_user_id' AND type='index'
[0m
  [1m[35m (0.2ms)[0m  [1m[34m            SELECT sql
            FROM sqlite_master
            WHERE name='index_posts_on_user_id' AND type='index'
            UNION ALL
            SELECT sql
            FROM sqlite_temp_master
            WHERE name='index_posts_on_user_id' AND type='index'
[0m
  [1m[35m (0.3ms)[0m  [1m[34m            SELECT sql
            FROM sqlite_master
            WHERE name='index_users_on_user_name' AND type='index'
            UNION ALL
            SELECT sql
            FROM sqlite_temp_master
            WHERE name='index_users_on_user_name' AND type='index'
[0m
  [1m[35m (0.3ms)[0m  [1m[34m            SELECT sql
            FROM sqlite_master
            WHERE name='index_users_on_reset_password_token' AND type='index'
            UNION ALL
            SELECT sql
            FROM sqlite_temp_master
            WHERE name='index_users_on_reset_password_token' AND type='index'
[0m
  [1m[35m (0.2ms)[0m  [1m[34m            SELECT sql
            FROM sqlite_master
            WHERE name='index_users_on_email' AND type='index'
            UNION ALL
            SELECT sql
            FROM sqlite_temp_master
            WHERE name='index_users_on_email' AND type='index'
[0m
Started GET "/" for 127.0.0.1 at 2017-05-10 10:14:37 +0500
  [1m[36mActiveRecord::SchemaMigration Load (0.2ms)[0m  [1m[34mSELECT "schema_migrations".* FROM "schema_migrations"[0m
Processing by PostsController#index as HTML
  [1m[36mUser Load (0.2ms)[0m  [1m[34mSELECT  "users".* FROM "users" WHERE "users"."id" = ? ORDER BY "users"."id" ASC LIMIT ?[0m  [["id", 2], ["LIMIT", 1]]
  Rendering posts/index.html.erb within layouts/application
  [1m[36mPost Load (0.3ms)[0m  [1m[34mSELECT "posts".* FROM "posts"[0m
  [1m[36mUser Load (0.2ms)[0m  [1m[34mSELECT  "users".* FROM "users" WHERE "users"."id" = ? LIMIT ?[0m  [["id", 1], ["LIMIT", 1]]
  [1m[36mComment Load (0.2ms)[0m  [1m[34mSELECT "comments".* FROM "comments" WHERE "comments"."post_id" = ?[0m  [["post_id", 3]]
  Rendered posts/_post.html.erb (88.5ms)
  [1m[36mCACHE (0.0ms)[0m  [1m[34mSELECT  "users".* FROM "users" WHERE "users"."id" = ? LIMIT ?[0m  [["id", 1], ["LIMIT", 1]]
  [1m[36mComment Load (0.1ms)[0m  [1m[34mSELECT "comments".* FROM "comments" WHERE "comments"."post_id" = ?[0m  [["post_id", 4]]
  Rendered posts/_post.html.erb (3.6ms)
  Rendered posts/index.html.erb within layouts/application (108.8ms)
  Rendered layouts/_navbar.html.erb (0.7ms)
Completed 200 OK in 2463ms (Views: 2425.6ms | ActiveRecord: 2.8ms)


Started GET "/system/posts/images/000/000/003/medium/25-cars-worth-waiting-for-lp-mclaren-p14-photo-658259-s-original.jpg?1493882906" for 127.0.0.1 at 2017-05-10 10:14:39 +0500
  
Started GET "/system/posts/images/000/000/004/medium/25-cars-worth-waiting-for-lp-ford-gt-photo-658253-s-original.jpg?1493882920" for 127.0.0.1 at 2017-05-10 10:14:39 +0500
ActionController::RoutingError (No route matches [GET] "/system/posts/images/000/000/003/medium/25-cars-worth-waiting-for-lp-mclaren-p14-photo-658259-s-original.jpg"):
  
  
ActionController::RoutingError (No route matches [GET] "/system/posts/images/000/000/004/medium/25-cars-worth-waiting-for-lp-ford-gt-photo-658253-s-original.jpg"):
actionpack (5.0.2) lib/action_dispatch/middleware/debug_exceptions.rb:53:in `call'
web-console (3.5.0) lib/web_console/middleware.rb:135:in `call_app'
web-console (3.5.0) lib/web_console/middleware.rb:28:in `block in call'
web-console (3.5.0) lib/web_console/middleware.rb:18:in `catch'
web-console (3.5.0) lib/web_console/middleware.rb:18:in `call'
actionpack (5.0.2) lib/action_dispatch/middleware/show_exceptions.rb:31:in `call'
railties (5.0.2) lib/rails/rack/logger.rb:36:in `call_app'
railties (5.0.2) lib/rails/rack/logger.rb:24:in `block in call'
activesupport (5.0.2) lib/active_support/tagged_logging.rb:69:in `block in tagged'
activesupport (5.0.2) lib/active_support/tagged_logging.rb:26:in `tagged'
activesupport (5.0.2) lib/active_support/tagged_logging.rb:69:in `tagged'
railties (5.0.2) lib/rails/rack/logger.rb:24:in `call'
sprockets-rails (3.2.0) lib/sprockets/rails/quiet_assets.rb:13:in `call'
actionpack (5.0.2) lib/action_dispatch/middleware/request_id.rb:24:in `call'
rack (2.0.1) lib/rack/method_override.rb:22:in `call'
rack (2.0.1) lib/rack/runtime.rb:22:in `call'
activesupport (5.0.2) lib/active_support/cache/strategy/local_cache_middleware.rb:28:in `call'
actionpack (5.0.2) lib/action_dispatch/middleware/executor.rb:12:in `call'
actionpack (5.0.2) lib/action_dispatch/middleware/static.rb:136:in `call'
rack (2.0.1) lib/rack/sendfile.rb:111:in `call'
railties (5.0.2) lib/rails/engine.rb:522:in `call'
puma (3.8.2) lib/puma/configuration.rb:224:in `call'
puma (3.8.2) lib/puma/server.rb:600:in `handle_request'
puma (3.8.2) lib/puma/server.rb:435:in `process_client'
puma (3.8.2) lib/puma/server.rb:299:in `block in run'
puma (3.8.2) lib/puma/thread_pool.rb:120:in `block in spawn_thread'
  
actionpack (5.0.2) lib/action_dispatch/middleware/debug_exceptions.rb:53:in `call'
web-console (3.5.0) lib/web_console/middleware.rb:135:in `call_app'
web-console (3.5.0) lib/web_console/middleware.rb:28:in `block in call'
web-console (3.5.0) lib/web_console/middleware.rb:18:in `catch'
web-console (3.5.0) lib/web_console/middleware.rb:18:in `call'
actionpack (5.0.2) lib/action_dispatch/middleware/show_exceptions.rb:31:in `call'
railties (5.0.2) lib/rails/rack/logger.rb:36:in `call_app'
railties (5.0.2) lib/rails/rack/logger.rb:24:in `block in call'
activesupport (5.0.2) lib/active_support/tagged_logging.rb:69:in `block in tagged'
activesupport (5.0.2) lib/active_support/tagged_logging.rb:26:in `tagged'
activesupport (5.0.2) lib/active_support/tagged_logging.rb:69:in `tagged'
railties (5.0.2) lib/rails/rack/logger.rb:24:in `call'
sprockets-rails (3.2.0) lib/sprockets/rails/quiet_assets.rb:13:in `call'
actionpack (5.0.2) lib/action_dispatch/middleware/request_id.rb:24:in `call'
rack (2.0.1) lib/rack/method_override.rb:22:in `call'
rack (2.0.1) lib/rack/runtime.rb:22:in `call'
activesupport (5.0.2) lib/active_support/cache/strategy/local_cache_middleware.rb:28:in `call'
actionpack (5.0.2) lib/action_dispatch/middleware/executor.rb:12:in `call'
actionpack (5.0.2) lib/action_dispatch/middleware/static.rb:136:in `call'
rack (2.0.1) lib/rack/sendfile.rb:111:in `call'
railties (5.0.2) lib/rails/engine.rb:522:in `call'
puma (3.8.2) lib/puma/configuration.rb:224:in `call'
puma (3.8.2) lib/puma/server.rb:600:in `handle_request'
puma (3.8.2) lib/puma/server.rb:435:in `process_client'
puma (3.8.2) lib/puma/server.rb:299:in `block in run'
puma (3.8.2) lib/puma/thread_pool.rb:120:in `block in spawn_thread'
  Rendering /home/taharushain/.rbenv/versions/2.4.1/lib/ruby/gems/2.4.0/gems/actionpack-5.0.2/lib/action_dispatch/middleware/templates/rescues/routing_error.html.erb within rescues/layout
  Rendering /home/taharushain/.rbenv/versions/2.4.1/lib/ruby/gems/2.4.0/gems/actionpack-5.0.2/lib/action_dispatch/middleware/templates/rescues/routing_error.html.erb within rescues/layout
  Rendering /home/taharushain/.rbenv/versions/2.4.1/lib/ruby/gems/2.4.0/gems/actionpack-5.0.2/lib/action_dispatch/middleware/templates/rescues/_trace.html.erb
  Rendered /home/taharushain/.rbenv/versions/2.4.1/lib/ruby/gems/2.4.0/gems/actionpack-5.0.2/lib/action_dispatch/middleware/templates/rescues/_trace.html.erb (4.4ms)
  Rendering /home/taharushain/.rbenv/versions/2.4.1/lib/ruby/gems/2.4.0/gems/actionpack-5.0.2/lib/action_dispatch/middleware/templates/rescues/_trace.html.erb
  Rendered /home/taharushain/.rbenv/versions/2.4.1/lib/ruby/gems/2.4.0/gems/actionpack-5.0.2/lib/action_dispatch/middleware/templates/rescues/_trace.html.erb (3.4ms)
  Rendered collection of /home/taharushain/.rbenv/versions/2.4.1/lib/ruby/gems/2.4.0/gems/actionpack-5.0.2/lib/action_dispatch/middleware/templates/routes/_route.html.erb [32 times] (17.5ms)
  Rendered collection of /home/taharushain/.rbenv/versions/2.4.1/lib/ruby/gems/2.4.0/gems/actionpack-5.0.2/lib/action_dispatch/middleware/templates/routes/_route.html.erb [32 times] (66.1ms)
  Rendered /home/taharushain/.rbenv/versions/2.4.1/lib/ruby/gems/2.4.0/gems/actionpack-5.0.2/lib/action_dispatch/middleware/templates/routes/_table.html.erb (14.9ms)
  Rendered /home/taharushain/.rbenv/versions/2.4.1/lib/ruby/gems/2.4.0/gems/actionpack-5.0.2/lib/action_dispatch/middleware/templates/routes/_table.html.erb (13.7ms)
  Rendering /home/taharushain/.rbenv/versions/2.4.1/lib/ruby/gems/2.4.0/gems/actionpack-5.0.2/lib/action_dispatch/middleware/templates/rescues/_request_and_response.html.erb
  Rendering /home/taharushain/.rbenv/versions/2.4.1/lib/ruby/gems/2.4.0/gems/actionpack-5.0.2/lib/action_dispatch/middleware/templates/rescues/_request_and_response.html.erb
  Rendered /home/taharushain/.rbenv/versions/2.4.1/lib/ruby/gems/2.4.0/gems/actionpack-5.0.2/lib/action_dispatch/middleware/templates/rescues/_request_and_response.html.erb (1.7ms)
  Rendered /home/taharushain/.rbenv/versions/2.4.1/lib/ruby/gems/2.4.0/gems/actionpack-5.0.2/lib/action_dispatch/middleware/templates/rescues/_request_and_response.html.erb (1.4ms)
  Rendered /home/taharushain/.rbenv/versions/2.4.1/lib/ruby/gems/2.4.0/gems/actionpack-5.0.2/lib/action_dispatch/middleware/templates/rescues/routing_error.html.erb within rescues/layout (143.6ms)
  Rendered /home/taharushain/.rbenv/versions/2.4.1/lib/ruby/gems/2.4.0/gems/actionpack-5.0.2/lib/action_dispatch/middleware/templates/rescues/routing_error.html.erb within rescues/layout (153.9ms)
Started GET "/" for 127.0.0.1 at 2017-05-10 10:14:49 +0500
Processing by PostsController#index as HTML
  [1m[36mUser Load (1.3ms)[0m  [1m[34mSELECT  "users".* FROM "users" WHERE "users"."id" = ? ORDER BY "users"."id" ASC LIMIT ?[0m  [["id", 2], ["LIMIT", 1]]
  Rendering posts/index.html.erb within layouts/application
  [1m[36mPost Load (0.3ms)[0m  [1m[34mSELECT "posts".* FROM "posts"[0m
  [1m[36mUser Load (0.4ms)[0m  [1m[34mSELECT  "users".* FROM "users" WHERE "users"."id" = ? LIMIT ?[0m  [["id", 1], ["LIMIT", 1]]
  [1m[36mComment Load (0.2ms)[0m  [1m[34mSELECT "comments".* FROM "comments" WHERE "comments"."post_id" = ?[0m  [["post_id", 3]]
  Rendered posts/_post.html.erb (7.4ms)
  [1m[36mCACHE (0.0ms)[0m  [1m[34mSELECT  "users".* FROM "users" WHERE "users"."id" = ? LIMIT ?[0m  [["id", 1], ["LIMIT", 1]]
  [1m[36mComment Load (0.2ms)[0m  [1m[34mSELECT "comments".* FROM "comments" WHERE "comments"."post_id" = ?[0m  [["post_id", 4]]
  Rendered posts/_post.html.erb (5.8ms)
  Rendered posts/index.html.erb within layouts/application (17.5ms)
  Rendered layouts/_navbar.html.erb (0.8ms)
Completed 200 OK in 79ms (Views: 71.3ms | ActiveRecord: 2.4ms)


Started GET "/system/posts/images/000/000/004/medium/25-cars-worth-waiting-for-lp-ford-gt-photo-658253-s-original.jpg?1493882920" for 127.0.0.1 at 2017-05-10 10:14:49 +0500
  
Started GET "/system/posts/images/000/000/003/medium/25-cars-worth-waiting-for-lp-mclaren-p14-photo-658259-s-original.jpg?1493882906" for 127.0.0.1 at 2017-05-10 10:14:49 +0500
ActionController::RoutingError (No route matches [GET] "/system/posts/images/000/000/004/medium/25-cars-worth-waiting-for-lp-ford-gt-photo-658253-s-original.jpg"):
  
  
ActionController::RoutingError (No route matches [GET] "/system/posts/images/000/000/003/medium/25-cars-worth-waiting-for-lp-mclaren-p14-photo-658259-s-original.jpg"):
actionpack (5.0.2) lib/action_dispatch/middleware/debug_exceptions.rb:53:in `call'
web-console (3.5.0) lib/web_console/middleware.rb:135:in `call_app'
web-console (3.5.0) lib/web_console/middleware.rb:28:in `block in call'
web-console (3.5.0) lib/web_console/middleware.rb:18:in `catch'
web-console (3.5.0) lib/web_console/middleware.rb:18:in `call'
actionpack (5.0.2) lib/action_dispatch/middleware/show_exceptions.rb:31:in `call'
railties (5.0.2) lib/rails/rack/logger.rb:36:in `call_app'
railties (5.0.2) lib/rails/rack/logger.rb:24:in `block in call'
activesupport (5.0.2) lib/active_support/tagged_logging.rb:69:in `block in tagged'
activesupport (5.0.2) lib/active_support/tagged_logging.rb:26:in `tagged'
activesupport (5.0.2) lib/active_support/tagged_logging.rb:69:in `tagged'
railties (5.0.2) lib/rails/rack/logger.rb:24:in `call'
sprockets-rails (3.2.0) lib/sprockets/rails/quiet_assets.rb:13:in `call'
actionpack (5.0.2) lib/action_dispatch/middleware/request_id.rb:24:in `call'
rack (2.0.1) lib/rack/method_override.rb:22:in `call'
rack (2.0.1) lib/rack/runtime.rb:22:in `call'
activesupport (5.0.2) lib/active_support/cache/strategy/local_cache_middleware.rb:28:in `call'
actionpack (5.0.2) lib/action_dispatch/middleware/executor.rb:12:in `call'
actionpack (5.0.2) lib/action_dispatch/middleware/static.rb:136:in `call'
rack (2.0.1) lib/rack/sendfile.rb:111:in `call'
railties (5.0.2) lib/rails/engine.rb:522:in `call'
puma (3.8.2) lib/puma/configuration.rb:224:in `call'
puma (3.8.2) lib/puma/server.rb:600:in `handle_request'
puma (3.8.2) lib/puma/server.rb:435:in `process_client'
puma (3.8.2) lib/puma/server.rb:299:in `block in run'
puma (3.8.2) lib/puma/thread_pool.rb:120:in `block in spawn_thread'
  
actionpack (5.0.2) lib/action_dispatch/middleware/debug_exceptions.rb:53:in `call'
web-console (3.5.0) lib/web_console/middleware.rb:135:in `call_app'
web-console (3.5.0) lib/web_console/middleware.rb:28:in `block in call'
web-console (3.5.0) lib/web_console/middleware.rb:18:in `catch'
web-console (3.5.0) lib/web_console/middleware.rb:18:in `call'
actionpack (5.0.2) lib/action_dispatch/middleware/show_exceptions.rb:31:in `call'
railties (5.0.2) lib/rails/rack/logger.rb:36:in `call_app'
railties (5.0.2) lib/rails/rack/logger.rb:24:in `block in call'
activesupport (5.0.2) lib/active_support/tagged_logging.rb:69:in `block in tagged'
activesupport (5.0.2) lib/active_support/tagged_logging.rb:26:in `tagged'
activesupport (5.0.2) lib/active_support/tagged_logging.rb:69:in `tagged'
railties (5.0.2) lib/rails/rack/logger.rb:24:in `call'
sprockets-rails (3.2.0) lib/sprockets/rails/quiet_assets.rb:13:in `call'
actionpack (5.0.2) lib/action_dispatch/middleware/request_id.rb:24:in `call'
rack (2.0.1) lib/rack/method_override.rb:22:in `call'
rack (2.0.1) lib/rack/runtime.rb:22:in `call'
activesupport (5.0.2) lib/active_support/cache/strategy/local_cache_middleware.rb:28:in `call'
actionpack (5.0.2) lib/action_dispatch/middleware/executor.rb:12:in `call'
actionpack (5.0.2) lib/action_dispatch/middleware/static.rb:136:in `call'
rack (2.0.1) lib/rack/sendfile.rb:111:in `call'
railties (5.0.2) lib/rails/engine.rb:522:in `call'
puma (3.8.2) lib/puma/configuration.rb:224:in `call'
puma (3.8.2) lib/puma/server.rb:600:in `handle_request'
puma (3.8.2) lib/puma/server.rb:435:in `process_client'
puma (3.8.2) lib/puma/server.rb:299:in `block in run'
puma (3.8.2) lib/puma/thread_pool.rb:120:in `block in spawn_thread'
  Rendering /home/taharushain/.rbenv/versions/2.4.1/lib/ruby/gems/2.4.0/gems/actionpack-5.0.2/lib/action_dispatch/middleware/templates/rescues/routing_error.html.erb within rescues/layout
  Rendering /home/taharushain/.rbenv/versions/2.4.1/lib/ruby/gems/2.4.0/gems/actionpack-5.0.2/lib/action_dispatch/middleware/templates/rescues/_trace.html.erb
  Rendering /home/taharushain/.rbenv/versions/2.4.1/lib/ruby/gems/2.4.0/gems/actionpack-5.0.2/lib/action_dispatch/middleware/templates/rescues/routing_error.html.erb within rescues/layout
  Rendered /home/taharushain/.rbenv/versions/2.4.1/lib/ruby/gems/2.4.0/gems/actionpack-5.0.2/lib/action_dispatch/middleware/templates/rescues/_trace.html.erb (1.1ms)
  Rendering /home/taharushain/.rbenv/versions/2.4.1/lib/ruby/gems/2.4.0/gems/actionpack-5.0.2/lib/action_dispatch/middleware/templates/rescues/_trace.html.erb
  Rendered collection of /home/taharushain/.rbenv/versions/2.4.1/lib/ruby/gems/2.4.0/gems/actionpack-5.0.2/lib/action_dispatch/middleware/templates/routes/_route.html.erb [32 times] (7.9ms)
  Rendered /home/taharushain/.rbenv/versions/2.4.1/lib/ruby/gems/2.4.0/gems/actionpack-5.0.2/lib/action_dispatch/middleware/templates/rescues/_trace.html.erb (1.1ms)
  Rendered /home/taharushain/.rbenv/versions/2.4.1/lib/ruby/gems/2.4.0/gems/actionpack-5.0.2/lib/action_dispatch/middleware/templates/routes/_table.html.erb (1.0ms)
  Rendered collection of /home/taharushain/.rbenv/versions/2.4.1/lib/ruby/gems/2.4.0/gems/actionpack-5.0.2/lib/action_dispatch/middleware/templates/routes/_route.html.erb [32 times] (7.8ms)
  Rendering /home/taharushain/.rbenv/versions/2.4.1/lib/ruby/gems/2.4.0/gems/actionpack-5.0.2/lib/action_dispatch/middleware/templates/rescues/_request_and_response.html.erb
  Rendered /home/taharushain/.rbenv/versions/2.4.1/lib/ruby/gems/2.4.0/gems/actionpack-5.0.2/lib/action_dispatch/middleware/templates/routes/_table.html.erb (1.1ms)
  Rendered /home/taharushain/.rbenv/versions/2.4.1/lib/ruby/gems/2.4.0/gems/actionpack-5.0.2/lib/action_dispatch/middleware/templates/rescues/_request_and_response.html.erb (1.3ms)
  Rendered /home/taharushain/.rbenv/versions/2.4.1/lib/ruby/gems/2.4.0/gems/actionpack-5.0.2/lib/action_dispatch/middleware/templates/rescues/routing_error.html.erb within rescues/layout (61.5ms)
  Rendering /home/taharushain/.rbenv/versions/2.4.1/lib/ruby/gems/2.4.0/gems/actionpack-5.0.2/lib/action_dispatch/middleware/templates/rescues/_request_and_response.html.erb
  Rendered /home/taharushain/.rbenv/versions/2.4.1/lib/ruby/gems/2.4.0/gems/actionpack-5.0.2/lib/action_dispatch/middleware/templates/rescues/_request_and_response.html.erb (0.9ms)
  Rendered /home/taharushain/.rbenv/versions/2.4.1/lib/ruby/gems/2.4.0/gems/actionpack-5.0.2/lib/action_dispatch/middleware/templates/rescues/routing_error.html.erb within rescues/layout (65.6ms)
Started GET "/" for 127.0.0.1 at 2017-05-10 10:14:51 +0500
Processing by PostsController#index as HTML
  [1m[36mUser Load (1.6ms)[0m  [1m[34mSELECT  "users".* FROM "users" WHERE "users"."id" = ? ORDER BY "users"."id" ASC LIMIT ?[0m  [["id", 2], ["LIMIT", 1]]
  Rendering posts/index.html.erb within layouts/application
  [1m[36mPost Load (0.3ms)[0m  [1m[34mSELECT "posts".* FROM "posts"[0m
  [1m[36mUser Load (0.4ms)[0m  [1m[34mSELECT  "users".* FROM "users" WHERE "users"."id" = ? LIMIT ?[0m  [["id", 1], ["LIMIT", 1]]
  [1m[36mComment Load (0.3ms)[0m  [1m[34mSELECT "comments".* FROM "comments" WHERE "comments"."post_id" = ?[0m  [["post_id", 3]]
  Rendered posts/_post.html.erb (10.2ms)
  [1m[36mCACHE (0.1ms)[0m  [1m[34mSELECT  "users".* FROM "users" WHERE "users"."id" = ? LIMIT ?[0m  [["id", 1], ["LIMIT", 1]]
  [1m[36mComment Load (0.2ms)[0m  [1m[34mSELECT "comments".* FROM "comments" WHERE "comments"."post_id" = ?[0m  [["post_id", 4]]
  Rendered posts/_post.html.erb (9.2ms)
  Rendered posts/index.html.erb within layouts/application (23.7ms)
  Rendered layouts/_navbar.html.erb (0.8ms)
Completed 200 OK in 177ms (Views: 169.3ms | ActiveRecord: 2.8ms)


Started GET "/system/posts/images/000/000/003/medium/25-cars-worth-waiting-for-lp-mclaren-p14-photo-658259-s-original.jpg?1493882906" for 127.0.0.1 at 2017-05-10 10:14:52 +0500
Started GET "/system/posts/images/000/000/004/medium/25-cars-worth-waiting-for-lp-ford-gt-photo-658253-s-original.jpg?1493882920" for 127.0.0.1 at 2017-05-10 10:14:52 +0500
  
  
ActionController::RoutingError (No route matches [GET] "/system/posts/images/000/000/003/medium/25-cars-worth-waiting-for-lp-mclaren-p14-photo-658259-s-original.jpg"):
ActionController::RoutingError (No route matches [GET] "/system/posts/images/000/000/004/medium/25-cars-worth-waiting-for-lp-ford-gt-photo-658253-s-original.jpg"):
  
  
actionpack (5.0.2) lib/action_dispatch/middleware/debug_exceptions.rb:53:in `call'
web-console (3.5.0) lib/web_console/middleware.rb:135:in `call_app'
web-console (3.5.0) lib/web_console/middleware.rb:28:in `block in call'
web-console (3.5.0) lib/web_console/middleware.rb:18:in `catch'
web-console (3.5.0) lib/web_console/middleware.rb:18:in `call'
actionpack (5.0.2) lib/action_dispatch/middleware/show_exceptions.rb:31:in `call'
railties (5.0.2) lib/rails/rack/logger.rb:36:in `call_app'
railties (5.0.2) lib/rails/rack/logger.rb:24:in `block in call'
activesupport (5.0.2) lib/active_support/tagged_logging.rb:69:in `block in tagged'
activesupport (5.0.2) lib/active_support/tagged_logging.rb:26:in `tagged'
activesupport (5.0.2) lib/active_support/tagged_logging.rb:69:in `tagged'
railties (5.0.2) lib/rails/rack/logger.rb:24:in `call'
sprockets-rails (3.2.0) lib/sprockets/rails/quiet_assets.rb:13:in `call'
actionpack (5.0.2) lib/action_dispatch/middleware/request_id.rb:24:in `call'
rack (2.0.1) lib/rack/method_override.rb:22:in `call'
rack (2.0.1) lib/rack/runtime.rb:22:in `call'
activesupport (5.0.2) lib/active_support/cache/strategy/local_cache_middleware.rb:28:in `call'
actionpack (5.0.2) lib/action_dispatch/middleware/executor.rb:12:in `call'
actionpack (5.0.2) lib/action_dispatch/middleware/static.rb:136:in `call'
rack (2.0.1) lib/rack/sendfile.rb:111:in `call'
railties (5.0.2) lib/rails/engine.rb:522:in `call'
puma (3.8.2) lib/puma/configuration.rb:224:in `call'
puma (3.8.2) lib/puma/server.rb:600:in `handle_request'
puma (3.8.2) lib/puma/server.rb:435:in `process_client'
puma (3.8.2) lib/puma/server.rb:299:in `block in run'
puma (3.8.2) lib/puma/thread_pool.rb:120:in `block in spawn_thread'
actionpack (5.0.2) lib/action_dispatch/middleware/debug_exceptions.rb:53:in `call'
web-console (3.5.0) lib/web_console/middleware.rb:135:in `call_app'
web-console (3.5.0) lib/web_console/middleware.rb:28:in `block in call'
web-console (3.5.0) lib/web_console/middleware.rb:18:in `catch'
web-console (3.5.0) lib/web_console/middleware.rb:18:in `call'
actionpack (5.0.2) lib/action_dispatch/middleware/show_exceptions.rb:31:in `call'
railties (5.0.2) lib/rails/rack/logger.rb:36:in `call_app'
railties (5.0.2) lib/rails/rack/logger.rb:24:in `block in call'
activesupport (5.0.2) lib/active_support/tagged_logging.rb:69:in `block in tagged'
activesupport (5.0.2) lib/active_support/tagged_logging.rb:26:in `tagged'
activesupport (5.0.2) lib/active_support/tagged_logging.rb:69:in `tagged'
railties (5.0.2) lib/rails/rack/logger.rb:24:in `call'
sprockets-rails (3.2.0) lib/sprockets/rails/quiet_assets.rb:13:in `call'
actionpack (5.0.2) lib/action_dispatch/middleware/request_id.rb:24:in `call'
rack (2.0.1) lib/rack/method_override.rb:22:in `call'
rack (2.0.1) lib/rack/runtime.rb:22:in `call'
activesupport (5.0.2) lib/active_support/cache/strategy/local_cache_middleware.rb:28:in `call'
actionpack (5.0.2) lib/action_dispatch/middleware/executor.rb:12:in `call'
actionpack (5.0.2) lib/action_dispatch/middleware/static.rb:136:in `call'
rack (2.0.1) lib/rack/sendfile.rb:111:in `call'
railties (5.0.2) lib/rails/engine.rb:522:in `call'
puma (3.8.2) lib/puma/configuration.rb:224:in `call'
puma (3.8.2) lib/puma/server.rb:600:in `handle_request'
puma (3.8.2) lib/puma/server.rb:435:in `process_client'
puma (3.8.2) lib/puma/server.rb:299:in `block in run'
puma (3.8.2) lib/puma/thread_pool.rb:120:in `block in spawn_thread'
  Rendering /home/taharushain/.rbenv/versions/2.4.1/lib/ruby/gems/2.4.0/gems/actionpack-5.0.2/lib/action_dispatch/middleware/templates/rescues/routing_error.html.erb within rescues/layout
  Rendering /home/taharushain/.rbenv/versions/2.4.1/lib/ruby/gems/2.4.0/gems/actionpack-5.0.2/lib/action_dispatch/middleware/templates/rescues/routing_error.html.erb within rescues/layout
  Rendering /home/taharushain/.rbenv/versions/2.4.1/lib/ruby/gems/2.4.0/gems/actionpack-5.0.2/lib/action_dispatch/middleware/templates/rescues/_trace.html.erb
  Rendering /home/taharushain/.rbenv/versions/2.4.1/lib/ruby/gems/2.4.0/gems/actionpack-5.0.2/lib/action_dispatch/middleware/templates/rescues/_trace.html.erb
  Rendered /home/taharushain/.rbenv/versions/2.4.1/lib/ruby/gems/2.4.0/gems/actionpack-5.0.2/lib/action_dispatch/middleware/templates/rescues/_trace.html.erb (1.5ms)
  Rendered /home/taharushain/.rbenv/versions/2.4.1/lib/ruby/gems/2.4.0/gems/actionpack-5.0.2/lib/action_dispatch/middleware/templates/rescues/_trace.html.erb (1.7ms)
  Rendered collection of /home/taharushain/.rbenv/versions/2.4.1/lib/ruby/gems/2.4.0/gems/actionpack-5.0.2/lib/action_dispatch/middleware/templates/routes/_route.html.erb [32 times] (9.3ms)
  Rendered collection of /home/taharushain/.rbenv/versions/2.4.1/lib/ruby/gems/2.4.0/gems/actionpack-5.0.2/lib/action_dispatch/middleware/templates/routes/_route.html.erb [32 times] (6.9ms)
  Rendered /home/taharushain/.rbenv/versions/2.4.1/lib/ruby/gems/2.4.0/gems/actionpack-5.0.2/lib/action_dispatch/middleware/templates/routes/_table.html.erb (1.0ms)
  Rendered /home/taharushain/.rbenv/versions/2.4.1/lib/ruby/gems/2.4.0/gems/actionpack-5.0.2/lib/action_dispatch/middleware/templates/routes/_table.html.erb (1.1ms)
  Rendering /home/taharushain/.rbenv/versions/2.4.1/lib/ruby/gems/2.4.0/gems/actionpack-5.0.2/lib/action_dispatch/middleware/templates/rescues/_request_and_response.html.erb
  Rendered /home/taharushain/.rbenv/versions/2.4.1/lib/ruby/gems/2.4.0/gems/actionpack-5.0.2/lib/action_dispatch/middleware/templates/rescues/_request_and_response.html.erb (1.0ms)
  Rendering /home/taharushain/.rbenv/versions/2.4.1/lib/ruby/gems/2.4.0/gems/actionpack-5.0.2/lib/action_dispatch/middleware/templates/rescues/_request_and_response.html.erb
  Rendered /home/taharushain/.rbenv/versions/2.4.1/lib/ruby/gems/2.4.0/gems/actionpack-5.0.2/lib/action_dispatch/middleware/templates/rescues/routing_error.html.erb within rescues/layout (67.2ms)
  Rendered /home/taharushain/.rbenv/versions/2.4.1/lib/ruby/gems/2.4.0/gems/actionpack-5.0.2/lib/action_dispatch/middleware/templates/rescues/_request_and_response.html.erb (0.9ms)
  Rendered /home/taharushain/.rbenv/versions/2.4.1/lib/ruby/gems/2.4.0/gems/actionpack-5.0.2/lib/action_dispatch/middleware/templates/rescues/routing_error.html.erb within rescues/layout (87.5ms)
Started GET "/" for 127.0.0.1 at 2017-05-10 10:28:01 +0500
Processing by PostsController#index as HTML
  [1m[36mUser Load (0.3ms)[0m  [1m[34mSELECT  "users".* FROM "users" WHERE "users"."id" = ? ORDER BY "users"."id" ASC LIMIT ?[0m  [["id", 2], ["LIMIT", 1]]
  Rendering posts/index.html.erb within layouts/application
  [1m[36mPost Load (0.3ms)[0m  [1m[34mSELECT "posts".* FROM "posts"[0m
  [1m[36mUser Load (0.2ms)[0m  [1m[34mSELECT  "users".* FROM "users" WHERE "users"."id" = ? LIMIT ?[0m  [["id", 1], ["LIMIT", 1]]
  [1m[36mComment Load (0.1ms)[0m  [1m[34mSELECT "comments".* FROM "comments" WHERE "comments"."post_id" = ?[0m  [["post_id", 3]]
  Rendered posts/_post.html.erb (7.6ms)
  [1m[36mCACHE (0.0ms)[0m  [1m[34mSELECT  "users".* FROM "users" WHERE "users"."id" = ? LIMIT ?[0m  [["id", 1], ["LIMIT", 1]]
  [1m[36mComment Load (0.1ms)[0m  [1m[34mSELECT "comments".* FROM "comments" WHERE "comments"."post_id" = ?[0m  [["post_id", 4]]
  Rendered posts/_post.html.erb (4.5ms)
  Rendered posts/index.html.erb within layouts/application (16.0ms)
  Rendered layouts/_navbar.html.erb (0.7ms)
Completed 200 OK in 69ms (Views: 64.3ms | ActiveRecord: 1.0ms)


Started GET "/" for 127.0.0.1 at 2017-05-10 10:30:04 +0500
Processing by PostsController#index as HTML
  [1m[36mUser Load (1.0ms)[0m  [1m[34mSELECT  "users".* FROM "users" WHERE "users"."id" = ? ORDER BY "users"."id" ASC LIMIT ?[0m  [["id", 2], ["LIMIT", 1]]
  Rendering posts/index.html.erb within layouts/application
  [1m[36mPost Load (0.3ms)[0m  [1m[34mSELECT "posts".* FROM "posts"[0m
  [1m[36mUser Load (0.4ms)[0m  [1m[34mSELECT  "users".* FROM "users" WHERE "users"."id" = ? LIMIT ?[0m  [["id", 1], ["LIMIT", 1]]
  [1m[36mComment Load (0.3ms)[0m  [1m[34mSELECT "comments".* FROM "comments" WHERE "comments"."post_id" = ?[0m  [["post_id", 3]]
  Rendered posts/_post.html.erb (10.2ms)
  [1m[36mCACHE (0.0ms)[0m  [1m[34mSELECT  "users".* FROM "users" WHERE "users"."id" = ? LIMIT ?[0m  [["id", 1], ["LIMIT", 1]]
  [1m[36mComment Load (0.1ms)[0m  [1m[34mSELECT "comments".* FROM "comments" WHERE "comments"."post_id" = ?[0m  [["post_id", 4]]
  Rendered posts/_post.html.erb (7.0ms)
  Rendered posts/index.html.erb within layouts/application (21.7ms)
  Rendered layouts/_navbar.html.erb (0.9ms)
Completed 200 OK in 92ms (Views: 84.8ms | ActiveRecord: 2.2ms)


Started GET "/" for 127.0.0.1 at 2017-05-10 10:45:31 +0500
  [1m[36mActiveRecord::SchemaMigration Load (0.2ms)[0m  [1m[34mSELECT "schema_migrations".* FROM "schema_migrations"[0m
Processing by PostsController#index as HTML
  [1m[36mUser Load (0.2ms)[0m  [1m[34mSELECT  "users".* FROM "users" WHERE "users"."id" = ? ORDER BY "users"."id" ASC LIMIT ?[0m  [["id", 2], ["LIMIT", 1]]
  Rendering posts/index.html.erb within layouts/application
  [1m[36mPost Load (0.1ms)[0m  [1m[34mSELECT "posts".* FROM "posts"[0m
  Rendered posts/_post.html.erb (0.9ms)
  Rendered posts/index.html.erb within layouts/application (12.3ms)
Completed 500 Internal Server Error in 45ms (ActiveRecord: 2.5ms)


  
SyntaxError (/home/taharushain/Documents/IT-Entre/Codes/Rails/Rails-Instagram-Demo/app/views/posts/_post.html.erb:32: syntax error, unexpected ',', expecting ')'
 ([post, post.comments.build], remote: true) do |f| @output_
                              ^
/home/taharushain/Documents/IT-Entre/Codes/Rails/Rails-Instagram-Demo/app/views/posts/_post.html.erb:40: syntax error, unexpected keyword_ensure, expecting end-of-input
          ensure
                ^):
  
app/views/posts/_post.html.erb:32: syntax error, unexpected ',', expecting ')'
app/views/posts/_post.html.erb:40: syntax error, unexpected keyword_ensure, expecting end-of-input
app/views/posts/index.html.erb:2:in `block in _app_views_posts_index_html_erb__2247917775074611857_47427132771680'
app/views/posts/index.html.erb:1:in `_app_views_posts_index_html_erb__2247917775074611857_47427132771680'
  Rendering /home/taharushain/.rbenv/versions/2.4.1/lib/ruby/gems/2.4.0/gems/actionpack-5.0.2/lib/action_dispatch/middleware/templates/rescues/diagnostics.html.erb within rescues/layout
  Rendering /home/taharushain/.rbenv/versions/2.4.1/lib/ruby/gems/2.4.0/gems/actionpack-5.0.2/lib/action_dispatch/middleware/templates/rescues/_source.html.erb
  Rendered /home/taharushain/.rbenv/versions/2.4.1/lib/ruby/gems/2.4.0/gems/actionpack-5.0.2/lib/action_dispatch/middleware/templates/rescues/_source.html.erb (10.6ms)
  Rendering /home/taharushain/.rbenv/versions/2.4.1/lib/ruby/gems/2.4.0/gems/actionpack-5.0.2/lib/action_dispatch/middleware/templates/rescues/_trace.html.erb
  Rendered /home/taharushain/.rbenv/versions/2.4.1/lib/ruby/gems/2.4.0/gems/actionpack-5.0.2/lib/action_dispatch/middleware/templates/rescues/_trace.html.erb (2.2ms)
  Rendering /home/taharushain/.rbenv/versions/2.4.1/lib/ruby/gems/2.4.0/gems/actionpack-5.0.2/lib/action_dispatch/middleware/templates/rescues/_request_and_response.html.erb
  Rendered /home/taharushain/.rbenv/versions/2.4.1/lib/ruby/gems/2.4.0/gems/actionpack-5.0.2/lib/action_dispatch/middleware/templates/rescues/_request_and_response.html.erb (1.6ms)
  Rendered /home/taharushain/.rbenv/versions/2.4.1/lib/ruby/gems/2.4.0/gems/actionpack-5.0.2/lib/action_dispatch/middleware/templates/rescues/diagnostics.html.erb within rescues/layout (31.7ms)
Started GET "/" for 127.0.0.1 at 2017-05-10 10:46:06 +0500
Processing by PostsController#index as HTML
  [1m[36mUser Load (0.4ms)[0m  [1m[34mSELECT  "users".* FROM "users" WHERE "users"."id" = ? ORDER BY "users"."id" ASC LIMIT ?[0m  [["id", 2], ["LIMIT", 1]]
  Rendering posts/index.html.erb within layouts/application
  [1m[36mPost Load (0.2ms)[0m  [1m[34mSELECT "posts".* FROM "posts"[0m
  [1m[36mUser Load (0.4ms)[0m  [1m[34mSELECT  "users".* FROM "users" WHERE "users"."id" = ? LIMIT ?[0m  [["id", 1], ["LIMIT", 1]]
  [1m[36mComment Load (0.1ms)[0m  [1m[34mSELECT "comments".* FROM "comments" WHERE "comments"."post_id" = ?[0m  [["post_id", 3]]
  Rendered collection of templates [0 times] (0.0ms)
  Rendered posts/_post.html.erb (42.2ms)
  [1m[36mCACHE (0.0ms)[0m  [1m[34mSELECT  "users".* FROM "users" WHERE "users"."id" = ? LIMIT ?[0m  [["id", 1], ["LIMIT", 1]]
  [1m[36mComment Load (0.1ms)[0m  [1m[34mSELECT "comments".* FROM "comments" WHERE "comments"."post_id" = ?[0m  [["post_id", 4]]
  Rendered collection of templates [0 times] (0.0ms)
  Rendered posts/_post.html.erb (4.9ms)
  Rendered posts/index.html.erb within layouts/application (50.1ms)
  Rendered layouts/_navbar.html.erb (0.9ms)
Completed 200 OK in 289ms (Views: 282.5ms | ActiveRecord: 2.0ms)


Started GET "/" for 127.0.0.1 at 2017-05-10 10:47:50 +0500
Processing by PostsController#index as HTML
  [1m[36mUser Load (0.3ms)[0m  [1m[34mSELECT  "users".* FROM "users" WHERE "users"."id" = ? ORDER BY "users"."id" ASC LIMIT ?[0m  [["id", 2], ["LIMIT", 1]]
  Rendering posts/index.html.erb within layouts/application
  [1m[36mPost Load (0.5ms)[0m  [1m[34mSELECT "posts".* FROM "posts"[0m
  [1m[36mUser Load (0.1ms)[0m  [1m[34mSELECT  "users".* FROM "users" WHERE "users"."id" = ? LIMIT ?[0m  [["id", 1], ["LIMIT", 1]]
  [1m[36mComment Load (0.1ms)[0m  [1m[34mSELECT "comments".* FROM "comments" WHERE "comments"."post_id" = ?[0m  [["post_id", 3]]
  Rendered collection of templates [0 times] (0.0ms)
  Rendered posts/_post.html.erb (5.5ms)
  [1m[36mCACHE (0.0ms)[0m  [1m[34mSELECT  "users".* FROM "users" WHERE "users"."id" = ? LIMIT ?[0m  [["id", 1], ["LIMIT", 1]]
  [1m[36mComment Load (0.1ms)[0m  [1m[34mSELECT "comments".* FROM "comments" WHERE "comments"."post_id" = ?[0m  [["post_id", 4]]
  Rendered collection of templates [0 times] (0.0ms)
  Rendered posts/_post.html.erb (2.9ms)
  Rendered posts/index.html.erb within layouts/application (12.7ms)
  Rendered layouts/_navbar.html.erb (0.7ms)
Completed 200 OK in 58ms (Views: 53.9ms | ActiveRecord: 1.0ms)


Started GET "/" for 127.0.0.1 at 2017-05-10 10:48:03 +0500
Processing by PostsController#index as HTML
  [1m[36mUser Load (1.0ms)[0m  [1m[34mSELECT  "users".* FROM "users" WHERE "users"."id" = ? ORDER BY "users"."id" ASC LIMIT ?[0m  [["id", 2], ["LIMIT", 1]]
  Rendering posts/index.html.erb within layouts/application
  [1m[36mPost Load (0.4ms)[0m  [1m[34mSELECT "posts".* FROM "posts"[0m
  Rendered posts/_post.html.erb (2.1ms)
  Rendered posts/index.html.erb within layouts/application (5.3ms)
Completed 500 Internal Server Error in 14ms (ActiveRecord: 1.4ms)


  
SyntaxError (/home/taharushain/Documents/IT-Entre/Codes/Rails/Rails-Instagram-Demo/app/views/posts/_post.html.erb:32: syntax error, unexpected ',', expecting ')'
 ([post, post.comments.build], remote: true) do |f| @output_
                              ^
/home/taharushain/Documents/IT-Entre/Codes/Rails/Rails-Instagram-Demo/app/views/posts/_post.html.erb:40: syntax error, unexpected keyword_ensure, expecting end-of-input
          ensure
                ^):
  
app/views/posts/_post.html.erb:32: syntax error, unexpected ',', expecting ')'
app/views/posts/_post.html.erb:40: syntax error, unexpected keyword_ensure, expecting end-of-input
app/views/posts/index.html.erb:2:in `block in _app_views_posts_index_html_erb__2247917775074611857_70190176576240'
app/views/posts/index.html.erb:1:in `_app_views_posts_index_html_erb__2247917775074611857_70190176576240'
  Rendering /home/taharushain/.rbenv/versions/2.4.1/lib/ruby/gems/2.4.0/gems/actionpack-5.0.2/lib/action_dispatch/middleware/templates/rescues/diagnostics.html.erb within rescues/layout
  Rendering /home/taharushain/.rbenv/versions/2.4.1/lib/ruby/gems/2.4.0/gems/actionpack-5.0.2/lib/action_dispatch/middleware/templates/rescues/_source.html.erb
  Rendered /home/taharushain/.rbenv/versions/2.4.1/lib/ruby/gems/2.4.0/gems/actionpack-5.0.2/lib/action_dispatch/middleware/templates/rescues/_source.html.erb (5.9ms)
  Rendering /home/taharushain/.rbenv/versions/2.4.1/lib/ruby/gems/2.4.0/gems/actionpack-5.0.2/lib/action_dispatch/middleware/templates/rescues/_trace.html.erb
  Rendered /home/taharushain/.rbenv/versions/2.4.1/lib/ruby/gems/2.4.0/gems/actionpack-5.0.2/lib/action_dispatch/middleware/templates/rescues/_trace.html.erb (3.1ms)
  Rendering /home/taharushain/.rbenv/versions/2.4.1/lib/ruby/gems/2.4.0/gems/actionpack-5.0.2/lib/action_dispatch/middleware/templates/rescues/_request_and_response.html.erb
  Rendered /home/taharushain/.rbenv/versions/2.4.1/lib/ruby/gems/2.4.0/gems/actionpack-5.0.2/lib/action_dispatch/middleware/templates/rescues/_request_and_response.html.erb (0.7ms)
  Rendered /home/taharushain/.rbenv/versions/2.4.1/lib/ruby/gems/2.4.0/gems/actionpack-5.0.2/lib/action_dispatch/middleware/templates/rescues/diagnostics.html.erb within rescues/layout (24.2ms)
Started GET "/" for 127.0.0.1 at 2017-05-10 10:48:07 +0500
Processing by PostsController#index as HTML
  [1m[36mUser Load (0.9ms)[0m  [1m[34mSELECT  "users".* FROM "users" WHERE "users"."id" = ? ORDER BY "users"."id" ASC LIMIT ?[0m  [["id", 2], ["LIMIT", 1]]
  Rendering posts/index.html.erb within layouts/application
  [1m[36mPost Load (0.2ms)[0m  [1m[34mSELECT "posts".* FROM "posts"[0m
  [1m[36mUser Load (0.3ms)[0m  [1m[34mSELECT  "users".* FROM "users" WHERE "users"."id" = ? LIMIT ?[0m  [["id", 1], ["LIMIT", 1]]
  [1m[36mComment Load (0.2ms)[0m  [1m[34mSELECT "comments".* FROM "comments" WHERE "comments"."post_id" = ?[0m  [["post_id", 3]]
  Rendered collection of templates [0 times] (0.0ms)
  Rendered posts/_post.html.erb (16.1ms)
  [1m[36mCACHE (0.0ms)[0m  [1m[34mSELECT  "users".* FROM "users" WHERE "users"."id" = ? LIMIT ?[0m  [["id", 1], ["LIMIT", 1]]
  [1m[36mComment Load (0.1ms)[0m  [1m[34mSELECT "comments".* FROM "comments" WHERE "comments"."post_id" = ?[0m  [["post_id", 4]]
  Rendered collection of templates [0 times] (0.0ms)
  Rendered posts/_post.html.erb (3.8ms)
  Rendered posts/index.html.erb within layouts/application (23.3ms)
  Rendered layouts/_navbar.html.erb (0.9ms)
Completed 200 OK in 81ms (Views: 75.6ms | ActiveRecord: 1.7ms)


Started POST "/posts/3/comments" for 127.0.0.1 at 2017-05-10 10:48:15 +0500
Processing by CommentsController#create as JS
  Parameters: {"utf8"=>"✓", "comment"=>{"content"=>"Nice Car"}, "post_id"=>"3"}
  [1m[36mPost Load (0.4ms)[0m  [1m[34mSELECT  "posts".* FROM "posts" WHERE "posts"."id" = ? LIMIT ?[0m  [["id", 3], ["LIMIT", 1]]
  [1m[36mUser Load (0.2ms)[0m  [1m[34mSELECT  "users".* FROM "users" WHERE "users"."id" = ? ORDER BY "users"."id" ASC LIMIT ?[0m  [["id", 2], ["LIMIT", 1]]
  [1m[35m (0.1ms)[0m  [1m[36mbegin transaction[0m
  [1m[36mUser Load (0.3ms)[0m  [1m[34mSELECT  "users".* FROM "users" WHERE "users"."id" = ? LIMIT ?[0m  [["id", 2], ["LIMIT", 1]]
  [1m[35mSQL (0.5ms)[0m  [1m[32mINSERT INTO "comments" ("user_id", "post_id", "content", "created_at", "updated_at") VALUES (?, ?, ?, ?, ?)[0m  [["user_id", 2], ["post_id", 3], ["content", "Nice Car"], ["created_at", 2017-05-10 05:48:15 UTC], ["updated_at", 2017-05-10 05:48:15 UTC]]
  [1m[35m (132.0ms)[0m  [1m[36mcommit transaction[0m
  Rendering comments/create.js.erb
  Rendered comments/_comment.html.erb (2.3ms)
  Rendered comments/create.js.erb (6.0ms)
Completed 200 OK in 157ms (Views: 12.4ms | ActiveRecord: 133.3ms)


Started GET "/" for 127.0.0.1 at 2017-05-10 10:50:11 +0500
Processing by PostsController#index as HTML
  [1m[36mUser Load (0.5ms)[0m  [1m[34mSELECT  "users".* FROM "users" WHERE "users"."id" = ? ORDER BY "users"."id" ASC LIMIT ?[0m  [["id", 2], ["LIMIT", 1]]
  Rendering posts/index.html.erb within layouts/application
  [1m[36mPost Load (0.4ms)[0m  [1m[34mSELECT "posts".* FROM "posts"[0m
  [1m[36mUser Load (0.1ms)[0m  [1m[34mSELECT  "users".* FROM "users" WHERE "users"."id" = ? LIMIT ?[0m  [["id", 1], ["LIMIT", 1]]
  [1m[36mComment Load (0.1ms)[0m  [1m[34mSELECT "comments".* FROM "comments" WHERE "comments"."post_id" = ?[0m  [["post_id", 3]]
  [1m[36mUser Load (0.1ms)[0m  [1m[34mSELECT  "users".* FROM "users" WHERE "users"."id" = ? LIMIT ?[0m  [["id", 2], ["LIMIT", 1]]
  Rendered collection of comments/_comment.html.erb [1 times] (2.9ms)
  Rendered posts/_post.html.erb (16.0ms)
  [1m[36mCACHE (0.0ms)[0m  [1m[34mSELECT  "users".* FROM "users" WHERE "users"."id" = ? LIMIT ?[0m  [["id", 1], ["LIMIT", 1]]
  [1m[36mComment Load (0.1ms)[0m  [1m[34mSELECT "comments".* FROM "comments" WHERE "comments"."post_id" = ?[0m  [["post_id", 4]]
  Rendered collection of templates [0 times] (0.0ms)
  Rendered posts/_post.html.erb (3.6ms)
  Rendered posts/index.html.erb within layouts/application (23.7ms)
  Rendered layouts/_navbar.html.erb (0.6ms)
Completed 200 OK in 77ms (Views: 71.0ms | ActiveRecord: 1.4ms)


Started GET "/" for 127.0.0.1 at 2017-05-10 10:50:29 +0500
Processing by PostsController#index as HTML
  [1m[36mUser Load (0.3ms)[0m  [1m[34mSELECT  "users".* FROM "users" WHERE "users"."id" = ? ORDER BY "users"."id" ASC LIMIT ?[0m  [["id", 2], ["LIMIT", 1]]
  Rendering posts/index.html.erb within layouts/application
  [1m[36mPost Load (0.4ms)[0m  [1m[34mSELECT "posts".* FROM "posts"[0m
  [1m[36mUser Load (0.2ms)[0m  [1m[34mSELECT  "users".* FROM "users" WHERE "users"."id" = ? LIMIT ?[0m  [["id", 1], ["LIMIT", 1]]
  [1m[36mComment Load (0.2ms)[0m  [1m[34mSELECT "comments".* FROM "comments" WHERE "comments"."post_id" = ?[0m  [["post_id", 3]]
  [1m[36mUser Load (0.2ms)[0m  [1m[34mSELECT  "users".* FROM "users" WHERE "users"."id" = ? LIMIT ?[0m  [["id", 2], ["LIMIT", 1]]
  Rendered collection of comments/_comment.html.erb [1 times] (3.6ms)
  Rendered posts/_post.html.erb (16.1ms)
  [1m[36mCACHE (0.0ms)[0m  [1m[34mSELECT  "users".* FROM "users" WHERE "users"."id" = ? LIMIT ?[0m  [["id", 1], ["LIMIT", 1]]
  [1m[36mComment Load (0.1ms)[0m  [1m[34mSELECT "comments".* FROM "comments" WHERE "comments"."post_id" = ?[0m  [["post_id", 4]]
  Rendered collection of templates [0 times] (0.0ms)
  Rendered posts/_post.html.erb (5.9ms)
  Rendered posts/index.html.erb within layouts/application (26.7ms)
  Rendered layouts/_navbar.html.erb (0.8ms)
Completed 200 OK in 97ms (Views: 92.3ms | ActiveRecord: 1.5ms)


